::1 - - [11/May/2023:12:58:58 +0000] "GET / HTTP/1.1" 200 5 "-" "PostmanRuntime/7.30.0"
::1 - - [12/May/2023:19:33:44 +0000] "GET /api/admin/signup HTTP/1.1" 200 44 "-" "PostmanRuntime/7.30.0"
::1 - - [12/May/2023:19:35:02 +0000] "GET /api/auth/admin/signup HTTP/1.1" 200 44 "-" "PostmanRuntime/7.30.0"
::1 - - [12/May/2023:19:35:05 +0000] "GET /api/auth/admin/signup HTTP/1.1" 200 44 "-" "PostmanRuntime/7.30.0"
::1 - - [12/May/2023:19:42:45 +0000] "GET /api/auth/admin/signup HTTP/1.1" 200 44 "-" "PostmanRuntime/7.30.0"
::1 - - [12/May/2023:19:43:20 +0000] "POST /api/auth/admin/signup HTTP/1.1" 200 44 "-" "PostmanRuntime/7.30.0"
::1 - - [12/May/2023:19:43:22 +0000] "POST /api/auth/admin/signup HTTP/1.1" 200 44 "-" "PostmanRuntime/7.30.0"
::1 - - [12/May/2023:19:43:51 +0000] "POST /api/auth/admin/signup HTTP/1.1" 200 44 "-" "PostmanRuntime/7.30.0"
::1 - - [12/May/2023:19:43:52 +0000] "POST /api/auth/admin/signup HTTP/1.1" 200 44 "-" "PostmanRuntime/7.30.0"
::1 - - [12/May/2023:23:35:25 +0000] "POST /api/auth/admin/signup HTTP/1.1" 200 44 "-" "PostmanRuntime/7.30.0"
::1 - - [12/May/2023:23:35:27 +0000] "POST /api/auth/admin/signup HTTP/1.1" 200 44 "-" "PostmanRuntime/7.30.0"
::1 - - [12/May/2023:23:36:56 +0000] "POST /api/auth/admin/signup HTTP/1.1" 500 1340 "-" "PostmanRuntime/7.30.0"
::1 - - [12/May/2023:23:40:31 +0000] "POST /api/sing HTTP/1.1" 200 44 "-" "PostmanRuntime/7.30.0"
::1 - - [12/May/2023:23:41:42 +0000] "POST /api/sing HTTP/1.1" undefined 3 "-" "PostmanRuntime/7.30.0"
::1 - - [12/May/2023:23:42:04 +0000] "POST /api/sing HTTP/1.1" undefined 3 "-" "PostmanRuntime/7.30.0"
::1 - - [12/May/2023:23:42:05 +0000] "POST /api/sing HTTP/1.1" undefined 3 "-" "PostmanRuntime/7.30.0"
::1 - - [12/May/2023:23:42:20 +0000] "POST /api/sing HTTP/1.1" undefined 3 "-" "PostmanRuntime/7.30.0"
::1 - - [12/May/2023:23:42:32 +0000] "POST /api/sing HTTP/1.1" 201 11 "-" "PostmanRuntime/7.30.0"
::1 - - [12/May/2023:23:42:49 +0000] "POST /api/sing HTTP/1.1" 200 44 "-" "PostmanRuntime/7.30.0"
::1 - - [12/May/2023:23:42:51 +0000] "POST /api/sing HTTP/1.1" 200 44 "-" "PostmanRuntime/7.30.0"
::1 - - [12/May/2023:23:43:02 +0000] "POST /api/sing HTTP/1.1" 200 44 "-" "PostmanRuntime/7.30.0"
::1 - - [12/May/2023:23:49:36 +0000] "POST /api/sing HTTP/1.1" 200 44 "-" "PostmanRuntime/7.30.0"
::1 - - [12/May/2023:23:49:49 +0000] "POST /api/sing HTTP/1.1" 404 148 "-" "PostmanRuntime/7.30.0"
::1 - - [13/May/2023:00:02:10 +0000] "GET /api HTTP/1.1" 200 44 "-" "PostmanRuntime/7.30.0"
::1 - - [13/May/2023:07:29:30 +0000] "GET /api HTTP/1.1" 200 122 "-" "PostmanRuntime/7.30.0"
::1 - - [13/May/2023:07:30:13 +0000] "GET /api HTTP/1.1" 200 122 "-" "PostmanRuntime/7.30.0"
::1 - - [13/May/2023:07:32:17 +0000] "GET /api HTTP/1.1" 200 122 "-" "PostmanRuntime/7.30.0"
::1 - - [13/May/2023:08:01:48 +0000] "GET /api HTTP/1.1" 200 122 "-" "PostmanRuntime/7.30.0"
::1 - - [13/May/2023:08:02:10 +0000] "GET /api HTTP/1.1" 200 122 "-" "PostmanRuntime/7.30.0"
::1 - - [13/May/2023:08:03:17 +0000] "GET /api HTTP/1.1" 200 122 "-" "PostmanRuntime/7.30.0"
::1 - - [13/May/2023:08:05:22 +0000] "GET /api HTTP/1.1" 200 128 "-" "PostmanRuntime/7.30.0"
::1 - - [13/May/2023:08:20:21 +0000] "GET /api HTTP/1.1" 200 128 "-" "PostmanRuntime/7.30.0"
::1 - - [13/May/2023:08:28:36 +0000] "GET /api HTTP/1.1" 200 73 "-" "PostmanRuntime/7.30.0"
::1 - - [13/May/2023:08:35:38 +0000] "POST /api/auth/admin/signup?hello=21 HTTP/1.1" - - "-" "PostmanRuntime/7.30.0"
::1 - - [13/May/2023:08:35:54 +0000] "POST /api/auth/admin/signup?hello=21 HTTP/1.1" 400 133 "-" "PostmanRuntime/7.30.0"
::1 - - [13/May/2023:08:36:12 +0000] "POST /api/auth/admin/signup?hello=21 HTTP/1.1" 400 119 "-" "PostmanRuntime/7.30.0"
::1 - - [13/May/2023:08:36:17 +0000] "POST /api/auth/admin/signup?hello=21 HTTP/1.1" 400 119 "-" "PostmanRuntime/7.30.0"
::1 - - [13/May/2023:08:38:32 +0000] "POST /api/auth/admin/signup?hello=21 HTTP/1.1" 400 154 "-" "PostmanRuntime/7.30.0"
::1 - - [13/May/2023:08:38:37 +0000] "POST /api/auth/admin/signup?hello=21 HTTP/1.1" 201 104 "-" "PostmanRuntime/7.30.0"
::1 - - [13/May/2023:08:41:44 +0000] "POST /api/auth/admin/signup?hello=21 HTTP/1.1" 201 104 "-" "PostmanRuntime/7.30.0"
::1 - - [13/May/2023:08:41:49 +0000] "POST /api/auth/signup HTTP/1.1" 400 154 "-" "PostmanRuntime/7.30.0"
::1 - - [13/May/2023:08:42:30 +0000] "POST /api/auth/signup HTTP/1.1" - - "-" "PostmanRuntime/7.30.0"
::1 - - [13/May/2023:08:42:42 +0000] "POST /api/auth/admin/signup?hello=21 HTTP/1.1" 201 90 "-" "PostmanRuntime/7.30.0"
::1 - - [13/May/2023:08:43:02 +0000] "POST /api/auth/admin/signup?hello=21 HTTP/1.1" 201 90 "-" "PostmanRuntime/7.30.0"
::1 - - [13/May/2023:08:43:10 +0000] "POST /api/auth/admin/signup?hello=21 HTTP/1.1" 400 154 "-" "PostmanRuntime/7.30.0"
::1 - - [13/May/2023:08:43:14 +0000] "POST /api/auth/admin/signup?hello=21 HTTP/1.1" 201 99 "-" "PostmanRuntime/7.30.0"
::1 - - [13/May/2023:08:43:47 +0000] "POST /api/auth/admin/signup?hello=21 HTTP/1.1" 201 99 "-" "PostmanRuntime/7.30.0"
::1 - - [13/May/2023:08:43:53 +0000] "POST /api/auth/admin/signup?hello=21 HTTP/1.1" 400 154 "-" "PostmanRuntime/7.30.0"
::1 - - [13/May/2023:08:43:59 +0000] "POST /api/auth/admin/signup?hello=21 HTTP/1.1" 201 85 "-" "PostmanRuntime/7.30.0"
::1 - - [13/May/2023:08:44:09 +0000] "POST /api/auth/admin/signup?hello=21 HTTP/1.1" 201 85 "-" "PostmanRuntime/7.30.0"
::1 - - [13/May/2023:08:44:11 +0000] "POST /api/auth/admin/signup?hello=21 HTTP/1.1" 201 85 "-" "PostmanRuntime/7.30.0"
::1 - - [13/May/2023:08:44:23 +0000] "POST /api/auth/admin/signup?hello=21 HTTP/1.1" 400 119 "-" "PostmanRuntime/7.30.0"
::1 - - [13/May/2023:08:44:33 +0000] "POST /api/auth/admin/signup?hello=21 HTTP/1.1" 201 85 "-" "PostmanRuntime/7.30.0"
::1 - - [13/May/2023:08:44:55 +0000] "POST /api/auth/admin/signup?hello=21 HTTP/1.1" 201 85 "-" "PostmanRuntime/7.30.0"
::1 - - [13/May/2023:08:45:17 +0000] "POST /api/auth/admin/signup?hello=21 HTTP/1.1" 201 85 "-" "PostmanRuntime/7.30.0"
::1 - - [13/May/2023:08:45:18 +0000] "POST /api/auth/admin/signup?hello=21 HTTP/1.1" 201 85 "-" "PostmanRuntime/7.30.0"
::1 - - [13/May/2023:08:49:09 +0000] "POST /api/auth/admin/signup?hello=21 HTTP/1.1" 201 85 "-" "PostmanRuntime/7.30.0"
::1 - - [13/May/2023:08:49:32 +0000] "POST /api/auth/admin/signup?hello=21 HTTP/1.1" 201 85 "-" "PostmanRuntime/7.30.0"
::1 - - [13/May/2023:08:49:45 +0000] "POST /api/auth/admin/signup?hello=21 HTTP/1.1" 201 85 "-" "PostmanRuntime/7.30.0"
::1 - - [13/May/2023:08:50:10 +0000] "POST /api/auth/admin/signup?hello=21 HTTP/1.1" 400 269 "-" "PostmanRuntime/7.30.0"
::1 - - [13/May/2023:08:50:17 +0000] "POST /api/auth/admin/signup?hello=21 HTTP/1.1" 400 154 "-" "PostmanRuntime/7.30.0"
::1 - - [13/May/2023:08:50:23 +0000] "POST /api/auth/admin/signup?hello=21 HTTP/1.1" 201 83 "-" "PostmanRuntime/7.30.0"
::1 - - [13/May/2023:08:50:40 +0000] "POST /api/auth/admin/signup?hello=21 HTTP/1.1" 201 83 "-" "PostmanRuntime/7.30.0"
::1 - - [13/May/2023:08:50:47 +0000] "POST /api/auth/admin/signup?hello=21 HTTP/1.1" 201 83 "-" "PostmanRuntime/7.30.0"
::1 - - [13/May/2023:08:50:53 +0000] "POST /api/auth/admin/signup?hello=21 HTTP/1.1" 400 154 "-" "PostmanRuntime/7.30.0"
::1 - - [13/May/2023:08:51:04 +0000] "POST /api/auth/admin/signup?hello=21 HTTP/1.1" 201 83 "-" "PostmanRuntime/7.30.0"
::1 - - [13/May/2023:08:53:17 +0000] "POST /api/auth/admin/signup?hello=21 HTTP/1.1" 400 269 "-" "PostmanRuntime/7.30.0"
::1 - - [13/May/2023:08:53:55 +0000] "POST /api/auth/admin/signup?hello=21 HTTP/1.1" 400 269 "-" "PostmanRuntime/7.30.0"
::1 - - [13/May/2023:08:54:02 +0000] "POST /api/auth/admin/signup?hello=21 HTTP/1.1" 400 269 "-" "PostmanRuntime/7.30.0"
::1 - - [13/May/2023:08:54:05 +0000] "POST /api/auth/admin/signup?hello=21 HTTP/1.1" 400 269 "-" "PostmanRuntime/7.30.0"
::1 - - [13/May/2023:08:54:06 +0000] "POST /api/auth/admin/signup?hello=21 HTTP/1.1" 400 269 "-" "PostmanRuntime/7.30.0"
::1 - - [13/May/2023:08:54:23 +0000] "POST /api/auth/admin/signup?hello=21 HTTP/1.1" 400 318 "-" "PostmanRuntime/7.30.0"
::1 - - [13/May/2023:08:54:31 +0000] "POST /api/auth/admin/signup?hello=21 HTTP/1.1" 201 83 "-" "PostmanRuntime/7.30.0"
::1 - - [13/May/2023:08:59:27 +0000] "POST /api/auth/admin/signup?hello=21 HTTP/1.1" 400 182 "-" "PostmanRuntime/7.30.0"
::1 - - [13/May/2023:08:59:56 +0000] "POST /api/auth/admin/signup?hello=21 HTTP/1.1" 400 154 "-" "PostmanRuntime/7.30.0"
::1 - - [13/May/2023:09:00:08 +0000] "POST /api/auth/admin/signup?hello=21 HTTP/1.1" 201 99 "-" "PostmanRuntime/7.30.0"
::1 - - [13/May/2023:09:00:26 +0000] "POST /api/auth/admin/signup?hello=21 HTTP/1.1" 400 154 "-" "PostmanRuntime/7.30.0"
::1 - - [13/May/2023:09:00:41 +0000] "POST /api/auth/admin/signup?hello=21 HTTP/1.1" 400 269 "-" "PostmanRuntime/7.30.0"
::1 - - [13/May/2023:09:00:50 +0000] "POST /api/auth/admin/signup?hello=21 HTTP/1.1" 400 269 "-" "PostmanRuntime/7.30.0"
::1 - - [13/May/2023:09:00:56 +0000] "POST /api/auth/admin/signup?hello=21 HTTP/1.1" 400 154 "-" "PostmanRuntime/7.30.0"
::1 - - [13/May/2023:09:53:48 +0000] "POST /api/auth/admin/signup?hello=21 HTTP/1.1" 400 298 "-" "PostmanRuntime/7.30.0"
::1 - - [13/May/2023:09:56:19 +0000] "POST /api/auth/admin/signup?hello=21 HTTP/1.1" 400 211 "-" "PostmanRuntime/7.30.0"
::1 - - [13/May/2023:09:56:35 +0000] "POST /api/auth/admin/signup?hello=21 HTTP/1.1" 400 211 "-" "PostmanRuntime/7.30.0"
::1 - - [13/May/2023:09:56:37 +0000] "POST /api/auth/admin/signup?hello=21 HTTP/1.1" 400 211 "-" "PostmanRuntime/7.30.0"
::1 - - [13/May/2023:09:59:01 +0000] "POST /api/auth/admin/signup?hello=21 HTTP/1.1" 400 211 "-" "PostmanRuntime/7.30.0"
::1 - - [13/May/2023:10:04:19 +0000] "POST /api/auth/admin/signup?hello=21 HTTP/1.1" 400 211 "-" "PostmanRuntime/7.30.0"
::1 - - [13/May/2023:10:07:49 +0000] "POST /api/auth/admin/signup?hello=21 HTTP/1.1" 400 298 "-" "PostmanRuntime/7.30.0"
::1 - - [13/May/2023:10:07:54 +0000] "POST /api/auth/admin/signup?hello=21 HTTP/1.1" 400 211 "-" "PostmanRuntime/7.30.0"
::1 - - [13/May/2023:10:08:04 +0000] "POST /api/auth/admin/signup?hello=21 HTTP/1.1" 400 211 "-" "PostmanRuntime/7.30.0"
::1 - - [13/May/2023:10:11:28 +0000] "POST /api/auth/admin/signup?hello=21 HTTP/1.1" 400 211 "-" "PostmanRuntime/7.30.0"
::1 - - [13/May/2023:10:11:31 +0000] "POST /api/auth/admin/signup?hello=21 HTTP/1.1" 400 211 "-" "PostmanRuntime/7.30.0"
::1 - - [13/May/2023:10:11:45 +0000] "POST /api/auth/admin/signup?hello=21 HTTP/1.1" 400 211 "-" "PostmanRuntime/7.30.0"
::1 - - [13/May/2023:10:11:47 +0000] "POST /api/auth/admin/signup?hello=21 HTTP/1.1" 400 211 "-" "PostmanRuntime/7.30.0"
::1 - - [13/May/2023:10:13:00 +0000] "POST /api/auth/admin/signup?hello=21 HTTP/1.1" 400 211 "-" "PostmanRuntime/7.30.0"
::1 - - [13/May/2023:10:14:17 +0000] "POST /api/auth/admin/signup?hello=21 HTTP/1.1" 400 321 "-" "PostmanRuntime/7.30.0"
::1 - - [13/May/2023:10:14:45 +0000] "POST /api/auth/admin/signup?hello=21 HTTP/1.1" 400 211 "-" "PostmanRuntime/7.30.0"
::1 - - [13/May/2023:10:17:21 +0000] "POST /api/auth/admin/signup?hello=21 HTTP/1.1" 400 211 "-" "PostmanRuntime/7.30.0"
::1 - - [13/May/2023:10:17:22 +0000] "POST /api/auth/admin/signup?hello=21 HTTP/1.1" 400 211 "-" "PostmanRuntime/7.30.0"
::1 - - [13/May/2023:10:18:18 +0000] "POST /api/auth/admin/signup?hello=21 HTTP/1.1" 400 211 "-" "PostmanRuntime/7.30.0"
::1 - - [13/May/2023:10:27:07 +0000] "POST /api/auth/admin/signup?hello=21 HTTP/1.1" 400 211 "-" "PostmanRuntime/7.30.0"
::1 - - [13/May/2023:10:27:09 +0000] "POST /api/auth/admin/signup?hello=21 HTTP/1.1" 400 211 "-" "PostmanRuntime/7.30.0"
::1 - - [13/May/2023:10:27:23 +0000] "POST /api/auth/admin/signup?hello=21 HTTP/1.1" 500 1344 "-" "PostmanRuntime/7.30.0"
::1 - - [13/May/2023:10:27:25 +0000] "POST /api/auth/admin/signup?hello=21 HTTP/1.1" 500 1344 "-" "PostmanRuntime/7.30.0"
::1 - - [13/May/2023:10:30:53 +0000] "POST /api/auth/admin/signup?hello=21 HTTP/1.1" 400 211 "-" "PostmanRuntime/7.30.0"
::1 - - [13/May/2023:10:31:22 +0000] "POST /api/auth/admin/signup?hello=21 HTTP/1.1" 400 211 "-" "PostmanRuntime/7.30.0"
::1 - - [13/May/2023:10:31:26 +0000] "POST /api/auth/admin/signup?hello=21 HTTP/1.1" 400 211 "-" "PostmanRuntime/7.30.0"
::1 - - [13/May/2023:10:31:50 +0000] "POST /api/auth/admin/signup?hello=21 HTTP/1.1" 201 147 "-" "PostmanRuntime/7.30.0"
::1 - - [13/May/2023:10:31:57 +0000] "POST /api/auth/admin/signup?hello=21 HTTP/1.1" 201 145 "-" "PostmanRuntime/7.30.0"
::1 - - [13/May/2023:10:32:04 +0000] "POST /api/auth/admin/signup?hello=21 HTTP/1.1" 400 211 "-" "PostmanRuntime/7.30.0"
::1 - - [13/May/2023:10:32:14 +0000] "POST /api/auth/admin/signup?hello=21 HTTP/1.1" 201 145 "-" "PostmanRuntime/7.30.0"
::1 - - [13/May/2023:10:34:13 +0000] "POST /api/auth/admin/signup?hello=21 HTTP/1.1" 201 145 "-" "PostmanRuntime/7.30.0"
::1 - - [13/May/2023:11:05:08 +0000] "POST /api/auth/admin/signup?hello=21 HTTP/1.1" 201 262 "-" "PostmanRuntime/7.30.0"
::1 - - [13/May/2023:17:00:30 +0000] "POST /api/auth/admin/signup?hello=21 HTTP/1.1" 200 19 "-" "PostmanRuntime/7.30.0"
::1 - - [13/May/2023:17:00:54 +0000] "POST /api/auth/admin/signup?hello=21 HTTP/1.1" 200 45 "-" "PostmanRuntime/7.30.0"
::1 - - [13/May/2023:17:01:49 +0000] "POST /api/auth/admin/signup?hello=21 HTTP/1.1" 200 267 "-" "PostmanRuntime/7.30.0"
::1 - - [13/May/2023:17:01:56 +0000] "POST /api/auth/admin/signup?hello=21 HTTP/1.1" 200 51 "-" "PostmanRuntime/7.30.0"
::1 - - [13/May/2023:17:02:07 +0000] "POST /api/auth/admin/signup?hello=21 HTTP/1.1" 200 267 "-" "PostmanRuntime/7.30.0"
::1 - - [13/May/2023:17:07:10 +0000] "POST /api/auth/admin/signup?hello=21 HTTP/1.1" 200 51 "-" "PostmanRuntime/7.30.0"
::1 - - [13/May/2023:17:07:17 +0000] "POST /api/auth/admin/signup?hello=21 HTTP/1.1" 400 61 "-" "PostmanRuntime/7.30.0"
::1 - - [13/May/2023:17:07:40 +0000] "POST /api/auth/admin/signup?hello=21 HTTP/1.1" 400 121 "-" "PostmanRuntime/7.30.0"
::1 - - [13/May/2023:17:09:51 +0000] "POST /api/auth/admin/signup?hello=21 HTTP/1.1" 400 123 "-" "PostmanRuntime/7.30.0"
::1 - - [13/May/2023:17:10:36 +0000] "POST /api/auth/admin/signup?hello=21 HTTP/1.1" 400 123 "-" "PostmanRuntime/7.30.0"
::1 - - [13/May/2023:17:10:41 +0000] "POST /api/auth/admin/signup?hello=21 HTTP/1.1" 200 267 "-" "PostmanRuntime/7.30.0"
::1 - - [13/May/2023:17:11:05 +0000] "POST /api/auth/admin/signup?hello=21 HTTP/1.1" 200 898 "-" "PostmanRuntime/7.30.0"
::1 - - [13/May/2023:17:11:24 +0000] "POST /api/auth/admin/signup?hello=21 HTTP/1.1" 200 443 "-" "PostmanRuntime/7.30.0"
::1 - - [13/May/2023:17:12:10 +0000] "POST /api/auth/admin/signup?hello=21 HTTP/1.1" 200 423 "-" "PostmanRuntime/7.30.0"
::1 - - [13/May/2023:17:14:30 +0000] "POST /api/auth/admin/signup?hello=21 HTTP/1.1" 200 257 "-" "PostmanRuntime/7.30.0"
::1 - - [13/May/2023:17:14:37 +0000] "POST /api/auth/admin/signup?hello=21 HTTP/1.1" 200 257 "-" "PostmanRuntime/7.30.0"
::1 - - [13/May/2023:17:14:48 +0000] "POST /api/auth/admin/signup?hello=21 HTTP/1.1" 200 237 "-" "PostmanRuntime/7.30.0"
::1 - - [13/May/2023:17:15:39 +0000] "POST /api/auth/admin/signup?hello=21 HTTP/1.1" 400 61 "-" "PostmanRuntime/7.30.0"
::1 - - [13/May/2023:18:15:46 +0000] "POST /api/auth/admin/signup?hello=21 HTTP/1.1" 200 207 "-" "PostmanRuntime/7.30.0"
::1 - - [13/May/2023:18:19:42 +0000] "POST /api/auth/admin/signup?hello=21 HTTP/1.1" 400 61 "-" "PostmanRuntime/7.30.0"
::1 - - [13/May/2023:18:19:53 +0000] "POST /api/auth/admin/signup?hello=21 HTTP/1.1" 500 1344 "-" "PostmanRuntime/7.30.0"
::1 - - [13/May/2023:18:21:17 +0000] "POST /api/auth/admin/signup?hello=21 HTTP/1.1" 201 394 "-" "PostmanRuntime/7.30.0"
::1 - - [13/May/2023:18:31:35 +0000] "POST /api/auth/admin/signup?hello=21 HTTP/1.1" 500 1344 "-" "PostmanRuntime/7.30.0"
::1 - - [13/May/2023:18:35:47 +0000] "POST /api/auth/admin/signup?hello=21 HTTP/1.1" 500 1344 "-" "PostmanRuntime/7.30.0"
::1 - - [13/May/2023:18:36:31 +0000] "POST /api/auth/admin/signup?hello=21 HTTP/1.1" 201 394 "-" "PostmanRuntime/7.30.0"
::1 - - [13/May/2023:18:37:48 +0000] "POST /api/auth/admin/signup?hello=21 HTTP/1.1" 500 1344 "-" "PostmanRuntime/7.30.0"
::1 - - [13/May/2023:18:43:55 +0000] "POST /api/auth/admin/signup?hello=21 HTTP/1.1" 500 1344 "-" "PostmanRuntime/7.30.0"
::1 - - [13/May/2023:18:44:39 +0000] "POST /api/auth/admin/signup?hello=21 HTTP/1.1" 201 989 "-" "PostmanRuntime/7.30.0"
::1 - - [13/May/2023:18:45:11 +0000] "POST /api/auth/admin/signup?hello=21 HTTP/1.1" 500 1344 "-" "PostmanRuntime/7.30.0"
::1 - - [13/May/2023:18:53:15 +0000] "POST /api/auth/admin/signup?hello=21 HTTP/1.1" 201 176 "-" "PostmanRuntime/7.30.0"
::1 - - [13/May/2023:19:06:24 +0000] "POST /api/auth/admin/signup?hello=21 HTTP/1.1" 400 61 "-" "PostmanRuntime/7.30.0"
::1 - - [13/May/2023:19:07:50 +0000] "POST /api/auth/signup HTTP/1.1" 400 323 "-" "PostmanRuntime/7.30.0"
::1 - - [13/May/2023:19:08:28 +0000] "POST /api/auth/signup HTTP/1.1" 400 213 "-" "PostmanRuntime/7.30.0"
::1 - - [13/May/2023:19:08:40 +0000] "POST /api/auth/signup HTTP/1.1" 201 123 "-" "PostmanRuntime/7.30.0"
::1 - - [13/May/2023:19:10:41 +0000] "POST /api/auth/signup HTTP/1.1" 201 198 "-" "PostmanRuntime/7.30.0"
::1 - - [13/May/2023:19:11:07 +0000] "POST /api/auth/signup HTTP/1.1" 400 156 "-" "PostmanRuntime/7.30.0"
::1 - - [13/May/2023:19:11:29 +0000] "POST /api/auth/signup HTTP/1.1" 400 61 "-" "PostmanRuntime/7.30.0"
::1 - - [13/May/2023:19:11:50 +0000] "POST /api/auth/signup HTTP/1.1" 201 198 "-" "PostmanRuntime/7.30.0"
::1 - - [13/May/2023:19:11:58 +0000] "GET /api HTTP/1.1" 200 50 "-" "PostmanRuntime/7.30.0"
::1 - - [13/May/2023:20:54:53 +0000] "POST /api/auth/admin/signup HTTP/1.1" 400 518 "-" "PostmanRuntime/7.30.0"
::1 - - [13/May/2023:20:55:06 +0000] "POST /api/auth/signin HTTP/1.1" 400 167 "-" "PostmanRuntime/7.30.0"
::1 - - [13/May/2023:20:56:08 +0000] "POST /api/auth/signin HTTP/1.1" 400 167 "-" "PostmanRuntime/7.30.0"
::1 - - [13/May/2023:20:56:27 +0000] "POST /api/auth/signin HTTP/1.1" 400 167 "-" "PostmanRuntime/7.30.0"
::1 - - [13/May/2023:20:56:34 +0000] "POST /api/auth/signin HTTP/1.1" 400 167 "-" "PostmanRuntime/7.30.0"
::1 - - [13/May/2023:20:56:55 +0000] "POST /api/auth/signin HTTP/1.1" 400 167 "-" "PostmanRuntime/7.30.0"
::1 - - [13/May/2023:20:57:29 +0000] "POST /api/auth/signin HTTP/1.1" 400 121 "-" "PostmanRuntime/7.30.0"
::1 - - [13/May/2023:20:57:48 +0000] "POST /api/auth/signin HTTP/1.1" - - "-" "PostmanRuntime/7.30.0"
::1 - - [13/May/2023:20:58:14 +0000] "POST /api/auth/signin HTTP/1.1" 400 167 "-" "PostmanRuntime/7.30.0"
::1 - - [13/May/2023:20:58:20 +0000] "POST /api/auth/admin/signup HTTP/1.1" 400 518 "-" "PostmanRuntime/7.30.0"
::1 - - [13/May/2023:20:58:47 +0000] "POST /api/auth/signin HTTP/1.1" 400 167 "-" "PostmanRuntime/7.30.0"
::1 - - [13/May/2023:20:59:35 +0000] "POST /api/auth/signin HTTP/1.1" 400 167 "-" "PostmanRuntime/7.30.0"
::1 - - [13/May/2023:21:04:28 +0000] "POST /api/auth/signin HTTP/1.1" - - "-" "PostmanRuntime/7.30.0"
::1 - - [13/May/2023:21:04:31 +0000] "POST /api/auth/signin HTTP/1.1" 400 167 "-" "PostmanRuntime/7.30.0"
::1 - - [13/May/2023:21:06:44 +0000] "POST /api/auth/signin HTTP/1.1" 400 167 "-" "PostmanRuntime/7.30.0"
::1 - - [13/May/2023:21:27:03 +0000] "POST /api/auth/signin HTTP/1.1" 500 1344 "-" "PostmanRuntime/7.30.0"
::1 - - [13/May/2023:21:27:46 +0000] "POST /api/auth/signin HTTP/1.1" 500 1344 "-" "PostmanRuntime/7.30.0"
::1 - - [13/May/2023:21:30:10 +0000] "POST /api/auth/signin HTTP/1.1" 500 1344 "-" "PostmanRuntime/7.30.0"
::1 - - [13/May/2023:21:30:45 +0000] "POST /api/auth/signin HTTP/1.1" 500 1344 "-" "PostmanRuntime/7.30.0"
::1 - - [13/May/2023:21:31:05 +0000] "POST /api/auth/signin HTTP/1.1" 500 1344 "-" "PostmanRuntime/7.30.0"
::1 - - [13/May/2023:21:31:55 +0000] "POST /api/auth/signin HTTP/1.1" 500 1344 "-" "PostmanRuntime/7.30.0"
::1 - - [13/May/2023:21:32:27 +0000] "POST /api/auth/signin HTTP/1.1" 200 225 "-" "PostmanRuntime/7.30.0"
::1 - - [13/May/2023:21:32:59 +0000] "POST /api/auth/signin HTTP/1.1" 200 336 "-" "PostmanRuntime/7.30.0"
::1 - - [13/May/2023:21:33:38 +0000] "POST /api/auth/signin HTTP/1.1" 200 225 "-" "PostmanRuntime/7.30.0"
::1 - - [13/May/2023:21:33:54 +0000] "POST /api/auth/signin HTTP/1.1" 200 313 "-" "PostmanRuntime/7.30.0"
::1 - - [13/May/2023:21:34:42 +0000] "POST /api/auth/signin HTTP/1.1" 500 1344 "-" "PostmanRuntime/7.30.0"
::1 - - [13/May/2023:21:35:16 +0000] "POST /api/auth/signin HTTP/1.1" 500 1344 "-" "PostmanRuntime/7.30.0"
::1 - - [13/May/2023:21:35:43 +0000] "POST /api/auth/signin HTTP/1.1" 500 1344 "-" "PostmanRuntime/7.30.0"
::1 - - [13/May/2023:21:36:26 +0000] "POST /api/auth/signin HTTP/1.1" 500 1344 "-" "PostmanRuntime/7.30.0"
::1 - - [13/May/2023:21:37:02 +0000] "POST /api/auth/signin HTTP/1.1" 500 1344 "-" "PostmanRuntime/7.30.0"
::1 - - [13/May/2023:21:37:27 +0000] "POST /api/auth/signin HTTP/1.1" 401 69 "-" "PostmanRuntime/7.30.0"
::1 - - [13/May/2023:21:37:55 +0000] "POST /api/auth/signin HTTP/1.1" 401 69 "-" "PostmanRuntime/7.30.0"
::1 - - [13/May/2023:21:40:08 +0000] "POST /api/auth/signin HTTP/1.1" 401 69 "-" "PostmanRuntime/7.30.0"
::1 - - [14/May/2023:00:32:27 +0000] "POST /api/auth/signin HTTP/1.1" 401 69 "-" "PostmanRuntime/7.30.0"
::1 - - [14/May/2023:00:32:33 +0000] "POST /api/auth/signin HTTP/1.1" 500 1344 "-" "PostmanRuntime/7.30.0"
::1 - - [14/May/2023:00:33:17 +0000] "POST /api/auth/signin HTTP/1.1" 200 322 "-" "PostmanRuntime/7.30.0"
::1 - - [14/May/2023:00:33:41 +0000] "POST /api/auth/signin HTTP/1.1" 200 322 "-" "PostmanRuntime/7.30.0"
::1 - - [14/May/2023:00:35:20 +0000] "POST /api/auth/signin HTTP/1.1" 200 345 "-" "PostmanRuntime/7.30.0"
::1 - - [14/May/2023:00:37:04 +0000] "POST /api/auth/signin HTTP/1.1" 200 105 "-" "PostmanRuntime/7.30.0"
::1 - - [14/May/2023:00:46:41 +0000] "POST /api/auth/signin HTTP/1.1" 200 425 "-" "PostmanRuntime/7.30.0"
::1 - - [14/May/2023:00:51:36 +0000] "POST /api/auth/signin HTTP/1.1" 200 448 "-" "PostmanRuntime/7.30.0"
::1 - - [14/May/2023:06:35:12 +0000] "POST /api/auth/create HTTP/1.1" 500 1355 "-" "PostmanRuntime/7.30.0"
::1 - - [14/May/2023:06:35:16 +0000] "POST /api/auth/signin HTTP/1.1" 200 448 "-" "PostmanRuntime/7.30.0"
::1 - - [14/May/2023:06:35:43 +0000] "POST /api/auth/create HTTP/1.1" 500 1355 "-" "PostmanRuntime/7.30.0"
::1 - - [14/May/2023:06:36:01 +0000] "POST /api/auth/create HTTP/1.1" 500 1355 "-" "PostmanRuntime/7.30.0"
::1 - - [14/May/2023:06:36:25 +0000] "POST /api/auth/create HTTP/1.1" 500 1355 "-" "PostmanRuntime/7.30.0"
::1 - - [14/May/2023:06:36:52 +0000] "POST /api/auth/create HTTP/1.1" 500 1355 "-" "PostmanRuntime/7.30.0"
::1 - - [14/May/2023:06:39:07 +0000] "POST /api/auth/create HTTP/1.1" 402 13 "-" "PostmanRuntime/7.30.0"
::1 - - [14/May/2023:06:39:23 +0000] "POST /api/auth/create HTTP/1.1" 402 13 "-" "PostmanRuntime/7.30.0"
::1 - - [14/May/2023:06:39:51 +0000] "POST /api/auth/create HTTP/1.1" 402 13 "-" "PostmanRuntime/7.30.0"
::1 - - [14/May/2023:06:42:04 +0000] "POST /api/auth/create HTTP/1.1" 402 64 "-" "PostmanRuntime/7.30.0"
::1 - - [14/May/2023:06:42:23 +0000] "POST /api/auth/create HTTP/1.1" - - "-" "PostmanRuntime/7.30.0"
::1 - - [14/May/2023:06:42:26 +0000] "POST /api/auth/create HTTP/1.1" 402 64 "-" "PostmanRuntime/7.30.0"
::1 - - [14/May/2023:06:42:36 +0000] "POST /api/auth/create HTTP/1.1" 403 64 "-" "PostmanRuntime/7.30.0"
::1 - - [14/May/2023:06:43:16 +0000] "POST /api/auth/create HTTP/1.1" - - "-" "PostmanRuntime/7.30.0"
::1 - - [14/May/2023:06:43:29 +0000] "POST /api/auth/create HTTP/1.1" - - "-" "PostmanRuntime/7.30.0"
::1 - - [14/May/2023:06:45:31 +0000] "POST /api/auth/create HTTP/1.1" 500 1355 "-" "PostmanRuntime/7.30.0"
::1 - - [14/May/2023:06:46:44 +0000] "POST /api/auth/create HTTP/1.1" 500 1355 "-" "PostmanRuntime/7.30.0"
::1 - - [14/May/2023:06:47:54 +0000] "POST /api/auth/create HTTP/1.1" 500 1355 "-" "PostmanRuntime/7.30.0"
::1 - - [14/May/2023:06:48:36 +0000] "POST /api/auth/create HTTP/1.1" 500 1355 "-" "PostmanRuntime/7.30.0"
::1 - - [14/May/2023:06:51:31 +0000] "POST /api/auth/create HTTP/1.1" 400 151 "-" "PostmanRuntime/7.30.0"
::1 - - [14/May/2023:06:52:08 +0000] "POST /api/auth/create HTTP/1.1" 500 1355 "-" "PostmanRuntime/7.30.0"
::1 - - [14/May/2023:06:52:36 +0000] "POST /api/auth/create HTTP/1.1" 500 1355 "-" "PostmanRuntime/7.30.0"
::1 - - [14/May/2023:06:53:17 +0000] "POST /api/auth/create HTTP/1.1" 500 1355 "-" "PostmanRuntime/7.30.0"
::1 - - [14/May/2023:06:53:19 +0000] "POST /api/auth/create HTTP/1.1" 500 1355 "-" "PostmanRuntime/7.30.0"
::1 - - [14/May/2023:06:54:04 +0000] "POST /api/auth/create HTTP/1.1" 400 151 "-" "PostmanRuntime/7.30.0"
::1 - - [14/May/2023:06:54:30 +0000] "POST /api/auth/create HTTP/1.1" 400 159 "-" "PostmanRuntime/7.30.0"
::1 - - [14/May/2023:06:54:32 +0000] "POST /api/auth/create HTTP/1.1" 400 159 "-" "PostmanRuntime/7.30.0"
::1 - - [14/May/2023:06:55:31 +0000] "POST /api/auth/create HTTP/1.1" 400 159 "-" "PostmanRuntime/7.30.0"
::1 - - [14/May/2023:07:09:57 +0000] "POST /api/auth/create HTTP/1.1" 403 88 "-" "PostmanRuntime/7.30.0"
::1 - - [14/May/2023:07:10:19 +0000] "POST /api/auth/create HTTP/1.1" 403 88 "-" "PostmanRuntime/7.30.0"
::1 - - [14/May/2023:07:11:10 +0000] "POST /api/auth/create HTTP/1.1" 403 88 "-" "PostmanRuntime/7.30.0"
::1 - - [14/May/2023:07:11:12 +0000] "POST /api/auth/create HTTP/1.1" 403 88 "-" "PostmanRuntime/7.30.0"
::1 - - [14/May/2023:07:16:51 +0000] "POST /api/auth/create HTTP/1.1" 403 88 "-" "PostmanRuntime/7.30.0"
::1 - - [14/May/2023:07:17:24 +0000] "POST /api/auth/create HTTP/1.1" 403 88 "-" "PostmanRuntime/7.30.0"
::1 - - [14/May/2023:07:17:52 +0000] "POST /api/auth/create HTTP/1.1" 403 88 "-" "PostmanRuntime/7.30.0"
::1 - - [14/May/2023:07:18:12 +0000] "POST /api/auth/create HTTP/1.1" 403 88 "-" "PostmanRuntime/7.30.0"
::1 - - [14/May/2023:07:19:13 +0000] "POST /api/auth/create HTTP/1.1" 403 88 "-" "PostmanRuntime/7.30.0"
::1 - - [14/May/2023:07:19:18 +0000] "POST /api/auth/create HTTP/1.1" 403 88 "-" "PostmanRuntime/7.30.0"
::1 - - [14/May/2023:07:19:27 +0000] "POST /api/auth/create HTTP/1.1" 403 88 "-" "PostmanRuntime/7.30.0"
::1 - - [14/May/2023:07:20:01 +0000] "POST /api/auth/signin HTTP/1.1" 200 471 "-" "PostmanRuntime/7.30.0"
::1 - - [14/May/2023:07:20:17 +0000] "POST /api/auth/create HTTP/1.1" 403 88 "-" "PostmanRuntime/7.30.0"
::1 - - [14/May/2023:07:21:53 +0000] "POST /api/auth/create HTTP/1.1" 403 88 "-" "PostmanRuntime/7.30.0"
::1 - - [14/May/2023:07:22:11 +0000] "POST /api/auth/create HTTP/1.1" 403 88 "-" "PostmanRuntime/7.30.0"
::1 - - [14/May/2023:07:22:27 +0000] "POST /api/auth/create HTTP/1.1" 403 88 "-" "PostmanRuntime/7.30.0"
::1 - - [14/May/2023:07:22:31 +0000] "POST /api/auth/create HTTP/1.1" 403 88 "-" "PostmanRuntime/7.30.0"
::1 - - [14/May/2023:07:23:46 +0000] "POST /api/auth/create HTTP/1.1" 400 518 "-" "PostmanRuntime/7.30.0"
::1 - - [14/May/2023:07:30:43 +0000] "POST /api/auth/create HTTP/1.1" 400 113 "-" "PostmanRuntime/7.30.0"
::1 - - [14/May/2023:07:30:53 +0000] "POST /api/auth/create HTTP/1.1" 400 132 "-" "PostmanRuntime/7.30.0"
::1 - - [14/May/2023:07:54:03 +0000] "POST /api/auth/create HTTP/1.1" 400 136 "-" "PostmanRuntime/7.30.0"
::1 - - [14/May/2023:07:54:34 +0000] "POST /api/auth/create HTTP/1.1" 500 1355 "-" "PostmanRuntime/7.30.0"
::1 - - [14/May/2023:07:59:19 +0000] "POST /api/auth/create HTTP/1.1" 201 202 "-" "PostmanRuntime/7.30.0"
::1 - - [14/May/2023:07:59:54 +0000] "POST /api/auth/signin HTTP/1.1" 200 457 "-" "PostmanRuntime/7.30.0"
::1 - - [14/May/2023:08:00:10 +0000] "POST /api/auth/create HTTP/1.1" 403 88 "-" "PostmanRuntime/7.30.0"
::1 - - [14/May/2023:08:00:23 +0000] "POST /api/auth/signin HTTP/1.1" 200 471 "-" "PostmanRuntime/7.30.0"
::1 - - [14/May/2023:08:01:14 +0000] "GET /api HTTP/1.1" 200 50 "-" "PostmanRuntime/7.30.0"
::1 - - [14/May/2023:08:18:21 +0000] "POST /api/bug/raise HTTP/1.1" 404 153 "-" "PostmanRuntime/7.30.0"
::1 - - [14/May/2023:08:18:42 +0000] "POST /api/bug/raise HTTP/1.1" 500 1355 "-" "PostmanRuntime/7.30.0"
::1 - - [14/May/2023:08:19:09 +0000] "POST /api/bug/raise HTTP/1.1" 401 64 "-" "PostmanRuntime/7.30.0"
::1 - - [14/May/2023:08:19:31 +0000] "POST /api/bug/raise HTTP/1.1" 403 88 "-" "PostmanRuntime/7.30.0"
::1 - - [14/May/2023:08:19:47 +0000] "POST /api/auth/signin HTTP/1.1" 200 457 "-" "PostmanRuntime/7.30.0"
::1 - - [14/May/2023:08:21:57 +0000] "POST /api/bug/raise HTTP/1.1" 400 232 "-" "PostmanRuntime/7.30.0"
::1 - - [14/May/2023:08:25:07 +0000] "POST /api/bug/raise HTTP/1.1" 400 139 "-" "PostmanRuntime/7.30.0"
::1 - - [14/May/2023:08:25:43 +0000] "POST /api/bug/raise HTTP/1.1" 400 139 "-" "PostmanRuntime/7.30.0"
::1 - - [14/May/2023:08:38:50 +0000] "POST /api/bug/raise HTTP/1.1" 400 139 "-" "PostmanRuntime/7.30.0"
::1 - - [14/May/2023:08:43:34 +0000] "POST /api/bug/raise HTTP/1.1" 201 237 "-" "PostmanRuntime/7.30.0"
::1 - - [14/May/2023:09:39:10 +0000] "POST /api/bug/raise HTTP/1.1" 500 1355 "-" "PostmanRuntime/7.30.0"
::1 - - [14/May/2023:09:40:44 +0000] "POST /api/bug/raise HTTP/1.1" 201 513 "-" "PostmanRuntime/7.30.0"
::1 - - [18/May/2023:09:52:58 +0000] "GET /api HTTP/1.1" 200 50 "-" "PostmanRuntime/7.30.0"
::1 - - [18/May/2023:09:56:33 +0000] "POST /api/bug/raise HTTP/1.1" 400 198 "-" "PostmanRuntime/7.30.0"
::1 - - [18/May/2023:09:56:42 +0000] "POST /api/auth/signin HTTP/1.1" 200 471 "-" "PostmanRuntime/7.30.0"
::1 - - [18/May/2023:09:57:07 +0000] "POST /api/bug/raise HTTP/1.1" 403 88 "-" "PostmanRuntime/7.30.0"
::1 - - [18/May/2023:09:57:35 +0000] "POST /api/auth/signin HTTP/1.1" 401 69 "-" "PostmanRuntime/7.30.0"
::1 - - [20/May/2023:13:10:43 +0000] "POST /api/bug/raise HTTP/1.1" 400 198 "-" "PostmanRuntime/7.30.0"
::1 - - [20/May/2023:13:10:50 +0000] "GET /api HTTP/1.1" 200 50 "-" "PostmanRuntime/7.30.0"
::1 - - [20/May/2023:13:10:54 +0000] "POST /api/auth/signin HTTP/1.1" 401 69 "-" "PostmanRuntime/7.30.0"
::1 - - [20/May/2023:13:10:58 +0000] "POST /api/auth/signin HTTP/1.1" 401 69 "-" "PostmanRuntime/7.30.0"
::1 - - [20/May/2023:13:11:20 +0000] "POST /api/auth/signin HTTP/1.1" 200 457 "-" "PostmanRuntime/7.30.0"
::1 - - [20/May/2023:13:11:46 +0000] "POST /api/bug/raise HTTP/1.1" 400 139 "-" "PostmanRuntime/7.30.0"
::1 - - [20/May/2023:13:11:55 +0000] "POST /api/bug/raise HTTP/1.1" 201 357 "-" "PostmanRuntime/7.30.0"
::1 - - [20/May/2023:13:44:48 +0000] "GET /api/bug/ HTTP/1.1" 404 147 "-" "PostmanRuntime/7.30.0"
::1 - - [20/May/2023:13:45:03 +0000] "GET /api/bug/1 HTTP/1.1" 404 148 "-" "PostmanRuntime/7.30.0"
::1 - - [20/May/2023:13:49:37 +0000] "GET /api/bug/1 HTTP/1.1" 200 41 "-" "PostmanRuntime/7.30.0"
::1 - - [20/May/2023:13:49:57 +0000] "GET /api/bug/6468c71a3d2c3b07ddf31431 HTTP/1.1" 200 64 "-" "PostmanRuntime/7.30.0"
::1 - - [20/May/2023:13:51:09 +0000] "GET /api/bug/6468c71a3d2c3b07ddf31431 HTTP/1.1" 500 1355 "-" "PostmanRuntime/7.30.0"
::1 - - [20/May/2023:13:53:09 +0000] "GET /api/bug/6468c71a3d2c3b07ddf31431 HTTP/1.1" 500 1355 "-" "PostmanRuntime/7.30.0"
::1 - - [20/May/2023:13:53:29 +0000] "GET /api/bug/6468c71a3d2c3b07ddf31431 HTTP/1.1" 500 1355 "-" "PostmanRuntime/7.30.0"
::1 - - [20/May/2023:13:54:32 +0000] "GET /api/bug/6468c71a3d2c3b07ddf31431 HTTP/1.1" 500 1355 "-" "PostmanRuntime/7.30.0"
::1 - - [20/May/2023:13:55:20 +0000] "GET /api/bug/6468c71a3d2c3b07ddf31431 HTTP/1.1" 500 1355 "-" "PostmanRuntime/7.30.0"
::1 - - [20/May/2023:13:57:14 +0000] "GET /api/bug/6468c71a3d2c3b07ddf31431 HTTP/1.1" 200 64 "-" "PostmanRuntime/7.30.0"
::1 - - [20/May/2023:13:58:06 +0000] "GET /api/bug/6468c71a3d2c3b07ddf31431 HTTP/1.1" 200 262 "-" "PostmanRuntime/7.30.0"
::1 - - [20/May/2023:13:58:38 +0000] "GET /api/bug/6468c71a3d2c3b07ddf31431 HTTP/1.1" 500 1355 "-" "PostmanRuntime/7.30.0"
::1 - - [20/May/2023:13:59:57 +0000] "GET /api/bug/6468c71a3d2c3b07ddf31431 HTTP/1.1" 500 1355 "-" "PostmanRuntime/7.30.0"
::1 - - [20/May/2023:14:01:01 +0000] "GET /api/bug/6468c71a3d2c3b07ddf31431 HTTP/1.1" 200 508 "-" "PostmanRuntime/7.30.0"
::1 - - [20/May/2023:14:13:30 +0000] "GET /api/bug/6468c71a3d2c3b07ddf31431 HTTP/1.1" 200 294 "-" "PostmanRuntime/7.30.0"
::1 - - [20/May/2023:14:13:57 +0000] "GET /api/bug/6468c71a3d2c3b07ddf31431 HTTP/1.1" 200 315 "-" "PostmanRuntime/7.30.0"
::1 - - [20/May/2023:14:14:28 +0000] "GET /api/bug/6468c71a3d2c3b07ddf31431 HTTP/1.1" 500 1355 "-" "PostmanRuntime/7.30.0"
::1 - - [20/May/2023:14:14:49 +0000] "GET /api/bug/6468c71a3d2c3b07ddf31431 HTTP/1.1" 200 508 "-" "PostmanRuntime/7.30.0"
::1 - - [20/May/2023:14:21:32 +0000] "GET /api/bug/6468c71a3d2c3b07ddf31431 HTTP/1.1" 200 320 "-" "PostmanRuntime/7.30.0"
::1 - - [20/May/2023:14:35:45 +0000] "GET /api/bug/6468c71a3d2c3b07ddf31431 HTTP/1.1" 200 309 "-" "PostmanRuntime/7.30.0"
::1 - - [20/May/2023:14:36:14 +0000] "GET /api/bugs HTTP/1.1" 404 147 "-" "PostmanRuntime/7.30.0"
::1 - - [20/May/2023:14:36:52 +0000] "GET /api/bugs HTTP/1.1" 401 64 "-" "PostmanRuntime/7.30.0"
::1 - - [20/May/2023:14:37:23 +0000] "GET /api/bugs HTTP/1.1" 500 1355 "-" "PostmanRuntime/7.30.0"
::1 - - [20/May/2023:14:38:19 +0000] "GET /api/bugs HTTP/1.1" 500 1355 "-" "PostmanRuntime/7.30.0"
::1 - - [20/May/2023:14:39:08 +0000] "GET /api/bugs HTTP/1.1" 200 1758 "-" "PostmanRuntime/7.30.0"
::1 - - [20/May/2023:14:39:58 +0000] "GET /api/bugs HTTP/1.1" 200 1476 "-" "PostmanRuntime/7.30.0"
::1 - - [20/May/2023:14:40:20 +0000] "GET /api/bugs?page=2 HTTP/1.1" 200 321 "-" "PostmanRuntime/7.30.0"
::1 - - [21/May/2023:09:02:33 +0000] "POST /api/auth/signin HTTP/1.1" 500 1355 "-" "PostmanRuntime/7.30.0"
::1 - - [21/May/2023:09:02:54 +0000] "POST /api/auth/signin HTTP/1.1" 500 1355 "-" "PostmanRuntime/7.30.0"
::1 - - [21/May/2023:09:05:05 +0000] "POST /api/auth/signin HTTP/1.1" 200 457 "-" "PostmanRuntime/7.30.0"
::1 - - [21/May/2023:09:06:27 +0000] "DELETE /api/bug/6468c71a3d2c3b07ddf31431 HTTP/1.1" 200 198 "-" "PostmanRuntime/7.30.0"
::1 - - [21/May/2023:09:11:44 +0000] "DELETE /api/bug/6468c71a3d2c3b07ddf31431 HTTP/1.1" 200 409 "-" "PostmanRuntime/7.30.0"
::1 - - [21/May/2023:09:12:30 +0000] "DELETE /api/bug/6468c71a3d2c3b07ddf31431 HTTP/1.1" 200 428 "-" "PostmanRuntime/7.30.0"
::1 - - [21/May/2023:09:13:22 +0000] "DELETE /api/bug/6468c71a3d2c3b07ddf31431 HTTP/1.1" 200 428 "-" "PostmanRuntime/7.30.0"
::1 - - [21/May/2023:09:13:51 +0000] "DELETE /api/bug/6468c71a3d2c3b07ddf31431 HTTP/1.1" 200 428 "-" "PostmanRuntime/7.30.0"
::1 - - [21/May/2023:09:14:14 +0000] "DELETE /api/bug/6468c71a3d2c3b07ddf31431 HTTP/1.1" 200 428 "-" "PostmanRuntime/7.30.0"
::1 - - [21/May/2023:09:14:44 +0000] "DELETE /api/bug/6468c71a3d2c3b07ddf31431 HTTP/1.1" 200 428 "-" "PostmanRuntime/7.30.0"
::1 - - [21/May/2023:09:20:24 +0000] "DELETE /api/bug/6468c71a3d2c3b07ddf31431 HTTP/1.1" 200 428 "-" "PostmanRuntime/7.30.0"
::1 - - [21/May/2023:09:21:01 +0000] "DELETE /api/bug/6468c71a3d2c3b07ddf31431 HTTP/1.1" 200 428 "-" "PostmanRuntime/7.30.0"
::1 - - [21/May/2023:09:21:22 +0000] "DELETE /api/bug/6468c71a3d2c3b07ddf31431 HTTP/1.1" 200 428 "-" "PostmanRuntime/7.30.0"
::1 - - [21/May/2023:09:23:51 +0000] "DELETE /api/bug/6468c71a3d2c3b07ddf31431 HTTP/1.1" 200 428 "-" "PostmanRuntime/7.30.0"
::1 - - [21/May/2023:09:25:16 +0000] "DELETE /api/bug/6468c71a3d2c3b07ddf31431 HTTP/1.1" 200 428 "-" "PostmanRuntime/7.30.0"
::1 - - [21/May/2023:09:25:58 +0000] "DELETE /api/bug/6468c71a3d2c3b07ddf31431 HTTP/1.1" 200 427 "-" "PostmanRuntime/7.30.0"
::1 - - [21/May/2023:09:28:57 +0000] "DELETE /api/bug/6468c71a3d2c3b07ddf31431 HTTP/1.1" 200 464 "-" "PostmanRuntime/7.30.0"
::1 - - [21/May/2023:09:29:42 +0000] "DELETE /api/bug/6468c71a3d2c3b07ddf31431 HTTP/1.1" 200 464 "-" "PostmanRuntime/7.30.0"
::1 - - [21/May/2023:09:30:33 +0000] "DELETE /api/bug/6468c71a3d2c3b07ddf31431 HTTP/1.1" 200 427 "-" "PostmanRuntime/7.30.0"
::1 - - [21/May/2023:09:30:53 +0000] "DELETE /api/bug/6468c71a3d2c3b07ddf31431 HTTP/1.1" 200 427 "-" "PostmanRuntime/7.30.0"
::1 - - [21/May/2023:09:31:22 +0000] "DELETE /api/bug/6468c71a3d2c3b07ddf31431 HTTP/1.1" 200 427 "-" "PostmanRuntime/7.30.0"
::1 - - [21/May/2023:09:32:51 +0000] "DELETE /api/bug/6468c71a3d2c3b07ddf31431 HTTP/1.1" 500 1355 "-" "PostmanRuntime/7.30.0"
::1 - - [21/May/2023:09:33:04 +0000] "DELETE /api/bug/6468c71a3d2c3b07ddf31431 HTTP/1.1" 200 427 "-" "PostmanRuntime/7.30.0"
::1 - - [21/May/2023:09:33:25 +0000] "DELETE /api/bug/6468c71a3d2c3b07ddf31431 HTTP/1.1" 200 427 "-" "PostmanRuntime/7.30.0"
::1 - - [21/May/2023:09:33:58 +0000] "DELETE /api/bug/6468c71a3d2c3b07ddf31431 HTTP/1.1" 200 464 "-" "PostmanRuntime/7.30.0"
::1 - - [21/May/2023:09:34:13 +0000] "DELETE /api/bug/6468c71a3d2c3b07ddf31431 HTTP/1.1" 200 464 "-" "PostmanRuntime/7.30.0"
::1 - - [21/May/2023:09:35:52 +0000] "DELETE /api/bug/6468c71a3d2c3b07ddf31431 HTTP/1.1" 200 464 "-" "PostmanRuntime/7.30.0"
::1 - - [21/May/2023:09:35:55 +0000] "DELETE /api/bug/6468c71a3d2c3b07ddf31431 HTTP/1.1" 200 464 "-" "PostmanRuntime/7.30.0"
::1 - - [21/May/2023:09:36:21 +0000] "DELETE /api/bug/6468c71a3d2c3b07ddf31431 HTTP/1.1" 200 464 "-" "PostmanRuntime/7.30.0"
::1 - - [21/May/2023:09:36:42 +0000] "DELETE /api/bug/6468c71a3d2c3b07ddf31431 HTTP/1.1" 200 464 "-" "PostmanRuntime/7.30.0"
::1 - - [21/May/2023:09:37:29 +0000] "DELETE /api/bug/6468c71a3d2c3b07ddf31431 HTTP/1.1" 200 464 "-" "PostmanRuntime/7.30.0"
::1 - - [21/May/2023:09:37:39 +0000] "DELETE /api/bug/6468c71a3d2c3b07ddf31431 HTTP/1.1" 200 464 "-" "PostmanRuntime/7.30.0"
::1 - - [21/May/2023:09:43:31 +0000] "DELETE /api/bug/6468c71a3d2c3b07ddf31431 HTTP/1.1" 200 431 "-" "PostmanRuntime/7.30.0"
::1 - - [21/May/2023:09:44:59 +0000] "DELETE /api/bug/645e6e99b9efab29d3d01a0f HTTP/1.1" 500 1355 "-" "PostmanRuntime/7.30.0"
::1 - - [21/May/2023:09:45:34 +0000] "DELETE /api/bug/645e6e99b9efab29d3d01a0f HTTP/1.1" 500 1355 "-" "PostmanRuntime/7.30.0"
::1 - - [21/May/2023:09:45:48 +0000] "DELETE /api/bug/645e6e99b9efab29d3d01a0f HTTP/1.1" 500 1355 "-" "PostmanRuntime/7.30.0"
::1 - - [21/May/2023:09:47:01 +0000] "DELETE /api/bug/645e6e99b9efab29d3d01a0f HTTP/1.1" 500 1355 "-" "PostmanRuntime/7.30.0"
::1 - - [21/May/2023:09:48:03 +0000] "DELETE /api/bug/645e6e99b9efab29d3d01a0f HTTP/1.1" 200 437 "-" "PostmanRuntime/7.30.0"
::1 - - [21/May/2023:09:48:31 +0000] "DELETE /api/bug/6468c71a3d2c3b07ddf31431 HTTP/1.1" 200 453 "-" "PostmanRuntime/7.30.0"
::1 - - [21/May/2023:09:48:57 +0000] "DELETE /api/bug/6468c71a3d2c3b07ddf31431 HTTP/1.1" 200 431 "-" "PostmanRuntime/7.30.0"
::1 - - [21/May/2023:09:49:05 +0000] "DELETE /api/bug/6460ac3d05a63f61e3fd0810 HTTP/1.1" 200 509 "-" "PostmanRuntime/7.30.0"
::1 - - [21/May/2023:09:49:42 +0000] "DELETE /api/bug/6460ac3d05a63f61e3fd0810 HTTP/1.1" 200 477 "-" "PostmanRuntime/7.30.0"
::1 - - [21/May/2023:09:51:00 +0000] "POST /api/auth/signin HTTP/1.1" 401 69 "-" "PostmanRuntime/7.30.0"
::1 - - [21/May/2023:09:51:26 +0000] "POST /api/auth/signin HTTP/1.1" 401 69 "-" "PostmanRuntime/7.30.0"
::1 - - [21/May/2023:09:51:31 +0000] "POST /api/auth/signin HTTP/1.1" 401 69 "-" "PostmanRuntime/7.30.0"
::1 - - [21/May/2023:09:51:36 +0000] "POST /api/auth/signin HTTP/1.1" 401 69 "-" "PostmanRuntime/7.30.0"
::1 - - [21/May/2023:09:52:07 +0000] "POST /api/auth/signin HTTP/1.1" 200 447 "-" "PostmanRuntime/7.30.0"
::1 - - [21/May/2023:09:52:32 +0000] "POST /api/bug/raise HTTP/1.1" 201 357 "-" "PostmanRuntime/7.30.0"
::1 - - [21/May/2023:09:52:49 +0000] "DELETE /api/bug/6469e9dffd9af9fb57ba0494 HTTP/1.1" 200 400 "-" "PostmanRuntime/7.30.0"
::1 - - [21/May/2023:09:55:06 +0000] "POST /api/bug/raise HTTP/1.1" 400 159 "-" "PostmanRuntime/7.30.0"
::1 - - [21/May/2023:09:57:02 +0000] "DELETE /api/bug/6469e9dffd9af9fb57ba0494 HTTP/1.1" 401 95 "-" "PostmanRuntime/7.30.0"
::1 - - [21/May/2023:10:01:26 +0000] "DELETE /api/bug/6469e9dffd9af9fb57ba0494 HTTP/1.1" 401 95 "-" "PostmanRuntime/7.30.0"
::1 - - [21/May/2023:10:01:31 +0000] "DELETE /api/bug/6460ac3d05a63f61e3fd0810 HTTP/1.1" 200 511 "-" "PostmanRuntime/7.30.0"
::1 - - [21/May/2023:10:02:16 +0000] "DELETE /api/bug/6460ac3d05a63f61e3fd0810 HTTP/1.1" 200 511 "-" "PostmanRuntime/7.30.0"
::1 - - [21/May/2023:10:02:44 +0000] "DELETE /api/bug/6460ac3d05a63f61e3fd0810 HTTP/1.1" 200 511 "-" "PostmanRuntime/7.30.0"
::1 - - [21/May/2023:10:08:40 +0000] "POST /api/auth/signin HTTP/1.1" 401 69 "-" "PostmanRuntime/7.30.0"
::1 - - [21/May/2023:10:08:48 +0000] "POST /api/auth/signin HTTP/1.1" 200 457 "-" "PostmanRuntime/7.30.0"
::1 - - [21/May/2023:10:09:10 +0000] "PUT /api/bug/6460ac3d05a63f61e3fd0810 HTTP/1.1" 404 171 "-" "PostmanRuntime/7.30.0"
::1 - - [21/May/2023:10:11:24 +0000] "PUT /api/bug/6460ac3d05a63f61e3fd0810 HTTP/1.1" 404 171 "-" "PostmanRuntime/7.30.0"
::1 - - [21/May/2023:10:11:32 +0000] "PUT /api/bug HTTP/1.1" 404 146 "-" "PostmanRuntime/7.30.0"
::1 - - [21/May/2023:10:11:34 +0000] "PUT /api/bug HTTP/1.1" 404 146 "-" "PostmanRuntime/7.30.0"
::1 - - [21/May/2023:10:11:45 +0000] "PUT /api/bug HTTP/1.1" 200 113 "-" "PostmanRuntime/7.30.0"
::1 - - [21/May/2023:10:12:12 +0000] "PUT /api/bug HTTP/1.1" 200 80 "-" "PostmanRuntime/7.30.0"
::1 - - [21/May/2023:10:13:00 +0000] "PUT /api/bug HTTP/1.1" 200 113 "-" "PostmanRuntime/7.30.0"
::1 - - [21/May/2023:10:13:05 +0000] "PUT /api/bug HTTP/1.1" 400 139 "-" "PostmanRuntime/7.30.0"
::1 - - [21/May/2023:10:13:16 +0000] "PUT /api/bug HTTP/1.1" 200 80 "-" "PostmanRuntime/7.30.0"
::1 - - [21/May/2023:10:13:20 +0000] "PUT /api/bug HTTP/1.1" 200 80 "-" "PostmanRuntime/7.30.0"
::1 - - [21/May/2023:10:13:32 +0000] "PUT /api/bug HTTP/1.1" 200 67 "-" "PostmanRuntime/7.30.0"
::1 - - [21/May/2023:10:13:34 +0000] "PUT /api/bug HTTP/1.1" 200 67 "-" "PostmanRuntime/7.30.0"
::1 - - [21/May/2023:10:13:46 +0000] "PUT /api/bug HTTP/1.1" 400 139 "-" "PostmanRuntime/7.30.0"
::1 - - [21/May/2023:10:13:51 +0000] "PUT /api/bug HTTP/1.1" 200 67 "-" "PostmanRuntime/7.30.0"
::1 - - [21/May/2023:10:14:48 +0000] "PUT /api/bug HTTP/1.1" 200 80 "-" "PostmanRuntime/7.30.0"
::1 - - [21/May/2023:10:14:57 +0000] "PUT /api/bug HTTP/1.1" 200 80 "-" "PostmanRuntime/7.30.0"
::1 - - [21/May/2023:10:15:33 +0000] "PUT /api/bug HTTP/1.1" 200 80 "-" "PostmanRuntime/7.30.0"
::1 - - [21/May/2023:10:18:34 +0000] "PUT /api/bug/6468c71a3d2c3b07ddf31431 HTTP/1.1" 500 1355 "-" "PostmanRuntime/7.30.0"
::1 - - [21/May/2023:10:18:54 +0000] "PUT /api/bug/6468c71a3d2c3b07ddf31431 HTTP/1.1" 500 1355 "-" "PostmanRuntime/7.30.0"
::1 - - [21/May/2023:10:19:06 +0000] "PUT /api/bug/6468c71a3d2c3b07ddf31431 HTTP/1.1" 200 99 "-" "PostmanRuntime/7.30.0"
::1 - - [21/May/2023:10:19:18 +0000] "PUT /api/bug/6468c71a3d2c3b07ddf31431 HTTP/1.1" 500 1355 "-" "PostmanRuntime/7.30.0"
::1 - - [21/May/2023:10:19:42 +0000] "PUT /api/bug/6460ac9c17a2c786959bab07 HTTP/1.1" 500 1355 "-" "PostmanRuntime/7.30.0"
::1 - - [21/May/2023:10:19:53 +0000] "PUT /api/bug/6460ac9c17a2c786959bab07 HTTP/1.1" 200 112 "-" "PostmanRuntime/7.30.0"
::1 - - [21/May/2023:10:20:00 +0000] "PUT /api/bug/6468c71a3d2c3b07ddf31431 HTTP/1.1" 200 112 "-" "PostmanRuntime/7.30.0"
::1 - - [21/May/2023:10:20:27 +0000] "PUT /api/bug/6468c71a3d2c3b07ddf31431 HTTP/1.1" 200 310 "-" "PostmanRuntime/7.30.0"
::1 - - [21/May/2023:12:58:37 +0000] "PUT /api/bug/6468c71a3d2c3b07ddf31431 HTTP/1.1" 500 1355 "-" "PostmanRuntime/7.30.0"
::1 - - [21/May/2023:12:58:55 +0000] "PUT /api/bug/6468c71a3d2c3b07ddf31431 HTTP/1.1" 500 1355 "-" "PostmanRuntime/7.30.0"
::1 - - [21/May/2023:12:59:20 +0000] "PUT /api/bug/6468c71a3d2c3b07ddf31431 HTTP/1.1" 500 1355 "-" "PostmanRuntime/7.30.0"
::1 - - [21/May/2023:12:59:31 +0000] "PUT /api/bug/6468c71a3d2c3b07ddf31431 HTTP/1.1" 500 1355 "-" "PostmanRuntime/7.30.0"
::1 - - [21/May/2023:13:00:16 +0000] "PUT /api/bug/6468c71a3d2c3b07ddf31431 HTTP/1.1" 500 1355 "-" "PostmanRuntime/7.30.0"
::1 - - [21/May/2023:13:01:12 +0000] "PUT /api/bug/6468c71a3d2c3b07ddf31431 HTTP/1.1" 200 46 "-" "PostmanRuntime/7.30.0"
::1 - - [21/May/2023:13:01:34 +0000] "PUT /api/bug/6468c71a3d2c3b07ddf31431 HTTP/1.1" 200 222 "-" "PostmanRuntime/7.30.0"
::1 - - [21/May/2023:13:02:19 +0000] "PUT /api/bug/6468c71a3d2c3b07ddf31431 HTTP/1.1" 200 310 "-" "PostmanRuntime/7.30.0"
::1 - - [21/May/2023:13:06:51 +0000] "PUT /api/bug/6468c71a3d2c3b07ddf31431 HTTP/1.1" 200 389 "-" "PostmanRuntime/7.30.0"
::1 - - [21/May/2023:13:10:23 +0000] "PUT /api/bug/6468c71a3d2c3b07ddf31431 HTTP/1.1" 200 428 "-" "PostmanRuntime/7.30.0"
::1 - - [21/May/2023:13:12:23 +0000] "PUT /api/bug/6468c71a3d2c3b07ddf31431 HTTP/1.1" 200 370 "-" "PostmanRuntime/7.30.0"
::1 - - [21/May/2023:13:15:49 +0000] "PUT /api/bug/6468c71a3d2c3b07ddf31431 HTTP/1.1" 200 434 "-" "PostmanRuntime/7.30.0"
::1 - - [21/May/2023:13:24:08 +0000] "PUT /api/bug/6468c71a3d2c3b07ddf31431 HTTP/1.1" 200 456 "-" "PostmanRuntime/7.30.0"
::1 - - [21/May/2023:13:28:41 +0000] "PUT /api/bug/6468c71a3d2c3b07ddf314311 HTTP/1.1" 500 1355 "-" "PostmanRuntime/7.30.0"
::1 - - [21/May/2023:13:29:57 +0000] "PUT /api/bug/645e632b525734425f9bb81c HTTP/1.1" 404 27 "-" "PostmanRuntime/7.30.0"
::1 - - [21/May/2023:13:30:09 +0000] "PUT /api/bug/6468c71a3d2c3b07ddf31431 HTTP/1.1" 200 213 "-" "PostmanRuntime/7.30.0"
::1 - - [21/May/2023:13:48:55 +0000] "POST /api/auth/signin HTTP/1.1" 401 69 "-" "PostmanRuntime/7.30.0"
::1 - - [21/May/2023:13:49:07 +0000] "POST /api/auth/signin HTTP/1.1" 401 69 "-" "PostmanRuntime/7.30.0"
::1 - - [21/May/2023:13:51:34 +0000] "POST /api/auth/signin HTTP/1.1" 200 471 "-" "PostmanRuntime/7.30.0"
::1 - - [21/May/2023:13:51:44 +0000] "PUT /api/bug/priority HTTP/1.1" 401 64 "-" "PostmanRuntime/7.30.0"
::1 - - [21/May/2023:13:51:56 +0000] "PUT /api/bug/priority HTTP/1.1" 403 88 "-" "PostmanRuntime/7.30.0"
::1 - - [21/May/2023:13:52:55 +0000] "POST /api/auth/signin HTTP/1.1" - - "-" "PostmanRuntime/7.30.0"
::1 - - [21/May/2023:13:52:57 +0000] "PUT /api/bug/priority HTTP/1.1" 403 88 "-" "PostmanRuntime/7.30.0"
::1 - - [21/May/2023:13:53:11 +0000] "PUT /api/bug/priority HTTP/1.1" 403 88 "-" "PostmanRuntime/7.30.0"
::1 - - [21/May/2023:13:53:39 +0000] "PUT /api/bug/priority HTTP/1.1" 403 88 "-" "PostmanRuntime/7.30.0"
::1 - - [21/May/2023:13:53:41 +0000] "PUT /api/bug/priority HTTP/1.1" 403 88 "-" "PostmanRuntime/7.30.0"
::1 - - [21/May/2023:13:53:51 +0000] "POST /api/auth/signin HTTP/1.1" 200 471 "-" "PostmanRuntime/7.30.0"
::1 - - [21/May/2023:13:54:06 +0000] "PUT /api/bug/priority HTTP/1.1" 403 88 "-" "PostmanRuntime/7.30.0"
::1 - - [21/May/2023:13:55:51 +0000] "PUT /api/bug/priority HTTP/1.1" 403 88 "-" "PostmanRuntime/7.30.0"
::1 - - [21/May/2023:13:57:16 +0000] "PUT /api/bug/priority HTTP/1.1" 403 88 "-" "PostmanRuntime/7.30.0"
::1 - - [21/May/2023:13:57:35 +0000] "PUT /api/bug/priority HTTP/1.1" 403 88 "-" "PostmanRuntime/7.30.0"
::1 - - [21/May/2023:13:58:11 +0000] "PUT /api/bug/priority HTTP/1.1" 403 88 "-" "PostmanRuntime/7.30.0"
::1 - - [21/May/2023:13:58:32 +0000] "DELETE /api/bug/6460ac3d05a63f61e3fd0810 HTTP/1.1" 400 198 "-" "PostmanRuntime/7.30.0"
::1 - - [21/May/2023:13:58:42 +0000] "PUT /api/bug/6468c71a3d2c3b07ddf31431 HTTP/1.1" 200 213 "-" "PostmanRuntime/7.30.0"
::1 - - [21/May/2023:14:07:06 +0000] "POST /api/auth/signin HTTP/1.1" 200 457 "-" "PostmanRuntime/7.30.0"
::1 - - [21/May/2023:14:07:21 +0000] "PUT /api/bug/priority HTTP/1.1" 500 1355 "-" "PostmanRuntime/7.30.0"
::1 - - [21/May/2023:14:07:44 +0000] "DELETE /api/bug/6460ac3d05a63f61e3fd0810 HTTP/1.1" 404 27 "-" "PostmanRuntime/7.30.0"
::1 - - [21/May/2023:14:10:34 +0000] "DELETE /api/bug/6460ac3d05a63f61e3fd0810 HTTP/1.1" 404 27 "-" "PostmanRuntime/7.30.0"
::1 - - [21/May/2023:14:11:12 +0000] "PUT /api/bug/priority HTTP/1.1" 500 1355 "-" "PostmanRuntime/7.30.0"
::1 - - [21/May/2023:14:12:00 +0000] "PUT /api/bug/priority/6460ac9c17a2c786959bab07 HTTP/1.1" 403 88 "-" "PostmanRuntime/7.30.0"
::1 - - [21/May/2023:14:12:24 +0000] "POST /api/auth/signin HTTP/1.1" 200 471 "-" "PostmanRuntime/7.30.0"
::1 - - [21/May/2023:14:45:43 +0000] "PUT /api/bug/priority/6460ac9c17a2c786959bab07 HTTP/1.1" 400 139 "-" "PostmanRuntime/7.30.0"
::1 - - [21/May/2023:14:45:51 +0000] "PUT /api/bug/priority/6460ac9c17a2c786959bab07 HTTP/1.1" 200 57 "-" "PostmanRuntime/7.30.0"
::1 - - [21/May/2023:14:47:29 +0000] "PUT /api/bug/priority/6460ac9c17a2c786959bab07 HTTP/1.1" 200 346 "-" "PostmanRuntime/7.30.0"
::1 - - [21/May/2023:15:00:57 +0000] "PUT /api/bug/priority/6460ac9c17a2c786959bab07 HTTP/1.1" 200 346 "-" "PostmanRuntime/7.30.0"
::1 - - [21/May/2023:15:01:18 +0000] "PUT /api/bug/priority/6460ac9c17a2c786959bab07 HTTP/1.1" 200 346 "-" "PostmanRuntime/7.30.0"
::1 - - [21/May/2023:15:03:27 +0000] "PUT /api/bug/status/6460ac9c17a2c786959bab07 HTTP/1.1" 400 137 "-" "PostmanRuntime/7.30.0"
::1 - - [21/May/2023:15:04:02 +0000] "PUT /api/bug/status/6460ac9c17a2c786959bab07 HTTP/1.1" 400 128 "-" "PostmanRuntime/7.30.0"
::1 - - [21/May/2023:15:04:21 +0000] "PUT /api/bug/status/6460ac9c17a2c786959bab07 HTTP/1.1" 400 150 "-" "PostmanRuntime/7.30.0"
::1 - - [21/May/2023:15:04:50 +0000] "PUT /api/bug/status/6460ac9c17a2c786959bab07 HTTP/1.1" 400 151 "-" "PostmanRuntime/7.30.0"
::1 - - [21/May/2023:15:05:09 +0000] "PUT /api/bug/status/6460ac9c17a2c786959bab07 HTTP/1.1" 400 151 "-" "PostmanRuntime/7.30.0"
::1 - - [21/May/2023:15:06:41 +0000] "PUT /api/bug/status/6460ac9c17a2c786959bab07 HTTP/1.1" 200 346 "-" "PostmanRuntime/7.30.0"
::1 - - [21/May/2023:15:06:47 +0000] "PUT /api/bug/status/6460ac9c17a2c786959bab07 HTTP/1.1" 400 151 "-" "PostmanRuntime/7.30.0"
::1 - - [21/May/2023:15:07:11 +0000] "PUT /api/bug/status/6460ac9c17a2c786959bab07 HTTP/1.1" 200 346 "-" "PostmanRuntime/7.30.0"
::1 - - [21/May/2023:15:08:25 +0000] "PUT /api/bug/status/6460ac9c17a2c786959bab07 HTTP/1.1" 200 108 "-" "PostmanRuntime/7.30.0"
::1 - - [21/May/2023:15:08:45 +0000] "PUT /api/bug/status/6460ac9c17a2c786959bab07 HTTP/1.1" 200 346 "-" "PostmanRuntime/7.30.0"
::1 - - [21/May/2023:15:09:37 +0000] "PUT /api/bug/status/6460ac9c17a2c786959bab07 HTTP/1.1" 200 396 "-" "PostmanRuntime/7.30.0"
::1 - - [21/May/2023:15:09:56 +0000] "PUT /api/bug/status/6460ac9c17a2c786959bab07 HTTP/1.1" 200 396 "-" "PostmanRuntime/7.30.0"
::1 - - [21/May/2023:15:10:03 +0000] "PUT /api/bug/status/6460ac9c17a2c786959bab07 HTTP/1.1" 200 346 "-" "PostmanRuntime/7.30.0"
::1 - - [21/May/2023:15:10:55 +0000] "PUT /api/bug/status/6460ac9c17a2c786959bab07 HTTP/1.1" 200 346 "-" "PostmanRuntime/7.30.0"
::1 - - [21/May/2023:15:11:03 +0000] "PUT /api/bug/status/6460ac9c17a2c786959bab07 HTTP/1.1" 200 351 "-" "PostmanRuntime/7.30.0"
::1 - - [21/May/2023:15:11:46 +0000] "PUT /api/bug/status/6460ac9c17a2c786959bab07 HTTP/1.1" 400 351 "-" "PostmanRuntime/7.30.0"
::1 - - [21/May/2023:15:12:59 +0000] "PUT /api/bug/status/6460ac9c17a2c786959bab07 HTTP/1.1" 400 351 "-" "PostmanRuntime/7.30.0"
::1 - - [21/May/2023:15:13:06 +0000] "PUT /api/bug/status/6460ac9c17a2c786959bab07 HTTP/1.1" 200 157 "-" "PostmanRuntime/7.30.0"
::1 - - [21/May/2023:15:13:45 +0000] "PUT /api/bug/status/6460ac9c17a2c786959bab07 HTTP/1.1" 400 355 "-" "PostmanRuntime/7.30.0"
::1 - - [21/May/2023:15:14:44 +0000] "PUT /api/bug/status/6460ac9c17a2c786959bab07 HTTP/1.1" 400 355 "-" "PostmanRuntime/7.30.0"
::1 - - [21/May/2023:15:16:05 +0000] "PUT /api/bug/status/6460ac9c17a2c786959bab07 HTTP/1.1" 200 157 "-" "PostmanRuntime/7.30.0"
::1 - - [21/May/2023:15:18:54 +0000] "PUT /api/bug/status/6460ac9c17a2c786959bab07 HTTP/1.1" 400 351 "-" "PostmanRuntime/7.30.0"
::1 - - [21/May/2023:15:19:06 +0000] "PUT /api/bug/status/6460ac9c17a2c786959bab07 HTTP/1.1" 200 157 "-" "PostmanRuntime/7.30.0"
::1 - - [21/May/2023:15:21:21 +0000] "POST /api/auth/signin HTTP/1.1" 200 457 "-" "PostmanRuntime/7.30.0"
::1 - - [21/May/2023:15:21:36 +0000] "PUT /api/bug/6468c71a3d2c3b07ddf31431 HTTP/1.1" 200 312 "-" "PostmanRuntime/7.30.0"
::1 - - [21/May/2023:15:21:48 +0000] "PUT /api/bug/6468c71a3d2c3b07ddf31431 HTTP/1.1" 200 306 "-" "PostmanRuntime/7.30.0"
::1 - - [21/May/2023:15:24:30 +0000] "POST /api/auth/signin HTTP/1.1" 200 471 "-" "PostmanRuntime/7.30.0"
::1 - - [21/May/2023:15:24:50 +0000] "PUT /api/bug/status/6460ac9c17a2c786959bab07 HTTP/1.1" 500 1355 "-" "PostmanRuntime/7.30.0"
::1 - - [21/May/2023:15:24:56 +0000] "PUT /api/bug/status/6460ac9c17a2c786959bab07 HTTP/1.1" 500 1355 "-" "PostmanRuntime/7.30.0"
::1 - - [21/May/2023:15:25:38 +0000] "PUT /api/bug/status/6460ac9c17a2c786959bab07 HTTP/1.1" 200 349 "-" "PostmanRuntime/7.30.0"
::1 - - [21/May/2023:15:25:48 +0000] "PUT /api/bug/status/6460ac9c17a2c786959bab07 HTTP/1.1" 200 345 "-" "PostmanRuntime/7.30.0"
::1 - - [21/May/2023:15:27:01 +0000] "PUT /api/bug/status/6460ac9c17a2c786959bab07 HTTP/1.1" 200 349 "-" "PostmanRuntime/7.30.0"
::1 - - [21/May/2023:18:20:04 +0000] "POST /api/auth/signin HTTP/1.1" 200 457 "-" "PostmanRuntime/7.30.0"
::1 - - [21/May/2023:18:21:03 +0000] "POST /api/auth/signin HTTP/1.1" 401 69 "-" "PostmanRuntime/7.30.0"
::1 - - [21/May/2023:18:21:07 +0000] "POST /api/auth/signin HTTP/1.1" 401 69 "-" "PostmanRuntime/7.30.0"
::1 - - [21/May/2023:18:21:27 +0000] "POST /api/auth/signin HTTP/1.1" 200 447 "-" "PostmanRuntime/7.30.0"
::1 - - [21/May/2023:18:23:33 +0000] "POST /api/bug/raise HTTP/1.1" 201 356 "-" "PostmanRuntime/7.30.0"
::1 - - [21/May/2023:18:24:20 +0000] "POST /api/bug/raise HTTP/1.1" 200 116 "-" "PostmanRuntime/7.30.0"
::1 - - [21/May/2023:18:24:34 +0000] "POST /api/bug/raise HTTP/1.1" 200 116 "-" "PostmanRuntime/7.30.0"
::1 - - [21/May/2023:18:25:37 +0000] "POST /api/bug/raise HTTP/1.1" 400 114 "-" "PostmanRuntime/7.30.0"
::1 - - [21/May/2023:18:26:06 +0000] "POST /api/bug/raise HTTP/1.1" 200 795080 "-" "PostmanRuntime/7.30.0"
::1 - - [21/May/2023:19:53:20 +0000] "POST /api/bug/raise HTTP/1.1" 200 795080 "-" "PostmanRuntime/7.30.0"
::1 - - [21/May/2023:20:01:11 +0000] "POST /api/bug/raise HTTP/1.1" 200 795080 "-" "PostmanRuntime/7.30.0"
::1 - - [21/May/2023:20:03:15 +0000] "POST /api/bug/raise HTTP/1.1" 500 1355 "-" "PostmanRuntime/7.30.0"
::1 - - [21/May/2023:20:03:39 +0000] "POST /api/bug/raise HTTP/1.1" 200 795080 "-" "PostmanRuntime/7.30.0"
::1 - - [21/May/2023:20:07:47 +0000] "POST /api/bug/raise HTTP/1.1" 200 795275 "-" "PostmanRuntime/7.30.0"
::1 - - [21/May/2023:20:13:58 +0000] "POST /api/bug/raise HTTP/1.1" 201 520 "-" "PostmanRuntime/7.30.0"
::1 - - [21/May/2023:20:27:58 +0000] "DELETE /api/bug/646a7b85ba2c936e427b0f33 HTTP/1.1" 200 57 "-" "PostmanRuntime/7.30.0"
::1 - - [21/May/2023:20:30:54 +0000] "DELETE /api/bug/646a7b85ba2c936e427b0f33 HTTP/1.1" 404 27 "-" "PostmanRuntime/7.30.0"
::1 - - [21/May/2023:20:31:05 +0000] "POST /api/bug/raise HTTP/1.1" 201 438 "-" "PostmanRuntime/7.30.0"
::1 - - [21/May/2023:20:31:22 +0000] "DELETE /api/bug/646a7f89e6d41c1d81cc2911 HTTP/1.1" 200 790 "-" "PostmanRuntime/7.30.0"
::1 - - [21/May/2023:20:33:27 +0000] "DELETE /api/bug/646a7f89e6d41c1d81cc2911 HTTP/1.1" 500 1355 "-" "PostmanRuntime/7.30.0"
::1 - - [21/May/2023:20:34:31 +0000] "DELETE /api/bug/646a7f89e6d41c1d81cc2911 HTTP/1.1" 200 790 "-" "PostmanRuntime/7.30.0"
::1 - - [21/May/2023:20:35:19 +0000] "DELETE /api/bug/646a7f89e6d41c1d81cc2911 HTTP/1.1" 200 790 "-" "PostmanRuntime/7.30.0"
::1 - - [21/May/2023:20:36:27 +0000] "DELETE /api/bug/646a7f89e6d41c1d81cc2911 HTTP/1.1" 200 790 "-" "PostmanRuntime/7.30.0"
::1 - - [21/May/2023:20:38:42 +0000] "DELETE /api/bug/646a7f89e6d41c1d81cc2911 HTTP/1.1" 200 209 "-" "PostmanRuntime/7.30.0"
::1 - - [21/May/2023:20:39:25 +0000] "DELETE /api/bug/646a7f89e6d41c1d81cc2911 HTTP/1.1" 200 229 "-" "PostmanRuntime/7.30.0"
::1 - - [21/May/2023:20:46:03 +0000] "DELETE /api/bug/646a7f89e6d41c1d81cc2911 HTTP/1.1" 200 790 "-" "PostmanRuntime/7.30.0"
::1 - - [21/May/2023:20:46:28 +0000] "DELETE /api/bug/646a7f89e6d41c1d81cc2911 HTTP/1.1" 500 1355 "-" "PostmanRuntime/7.30.0"
::1 - - [21/May/2023:20:48:09 +0000] "DELETE /api/bug/646a7f89e6d41c1d81cc2911 HTTP/1.1" 200 185 "-" "PostmanRuntime/7.30.0"
::1 - - [21/May/2023:20:51:21 +0000] "DELETE /api/bug/646a7f89e6d41c1d81cc2911 HTTP/1.1" 200 185 "-" "PostmanRuntime/7.30.0"
::1 - - [21/May/2023:20:52:10 +0000] "DELETE /api/bug/646a7f89e6d41c1d81cc2911 HTTP/1.1" 200 185 "-" "PostmanRuntime/7.30.0"
::1 - - [21/May/2023:20:53:31 +0000] "DELETE /api/bug/646a7f89e6d41c1d81cc2911 HTTP/1.1" 200 522 "-" "PostmanRuntime/7.30.0"
::1 - - [21/May/2023:20:55:54 +0000] "POST /api/bug/raise HTTP/1.1" 201 438 "-" "PostmanRuntime/7.30.0"
::1 - - [21/May/2023:20:56:58 +0000] "DELETE /api/bug/646a85545b52d90041f357c8 HTTP/1.1" 200 57 "-" "PostmanRuntime/7.30.0"
::1 - - [23/May/2023:13:30:21 +0000] "GET /api HTTP/1.1" 200 50 "-" "PostmanRuntime/7.30.0"
::1 - - [23/May/2023:13:32:27 +0000] "PUT /api/bug/6468c71a3d2c3b07ddf31431 HTTP/1.1" 400 198 "-" "PostmanRuntime/7.30.0"
::1 - - [23/May/2023:13:32:35 +0000] "POST /api/auth/signin HTTP/1.1" 200 447 "-" "PostmanRuntime/7.30.0"
::1 - - [23/May/2023:13:32:52 +0000] "PUT /api/bug/6468c71a3d2c3b07ddf31431 HTTP/1.1" 200 300 "-" "PostmanRuntime/7.30.0"
::1 - - [23/May/2023:13:33:29 +0000] "PUT /api/bug/6468c71a3d2c3b07ddf31431 HTTP/1.1" 200 305 "-" "PostmanRuntime/7.30.0"
::1 - - [23/May/2023:13:35:44 +0000] "PUT /api/bug/6468c71a3d2c3b07ddf31431 HTTP/1.1" 200 305 "-" "PostmanRuntime/7.30.0"
::1 - - [23/May/2023:13:36:05 +0000] "PUT /api/bug/6468c71a3d2c3b07ddf31431 HTTP/1.1" 200 305 "-" "PostmanRuntime/7.30.0"
::1 - - [23/May/2023:13:36:31 +0000] "PUT /api/bug/6468c71a3d2c3b07ddf31431 HTTP/1.1" 200 305 "-" "PostmanRuntime/7.30.0"
::1 - - [23/May/2023:13:37:15 +0000] "PUT /api/bug/6468c71a3d2c3b07ddf31431 HTTP/1.1" 500 1355 "-" "PostmanRuntime/7.30.0"
::1 - - [23/May/2023:13:37:24 +0000] "PUT /api/bug/6468c71a3d2c3b07ddf31431 HTTP/1.1" 200 305 "-" "PostmanRuntime/7.30.0"
::1 - - [23/May/2023:13:38:09 +0000] "PUT /api/bug/6468c71a3d2c3b07ddf31431 HTTP/1.1" 200 303 "-" "PostmanRuntime/7.30.0"
::1 - - [23/May/2023:13:38:51 +0000] "PUT /api/bug/6468c71a3d2c3b07ddf31431 HTTP/1.1" 200 303 "-" "PostmanRuntime/7.30.0"
::1 - - [23/May/2023:13:39:16 +0000] "PUT /api/bug/6468c71a3d2c3b07ddf31431 HTTP/1.1" 200 303 "-" "PostmanRuntime/7.30.0"
::1 - - [23/May/2023:13:39:41 +0000] "PUT /api/bug/6468c71a3d2c3b07ddf31431 HTTP/1.1" 200 303 "-" "PostmanRuntime/7.30.0"
::1 - - [23/May/2023:13:54:06 +0000] "PUT /api/bug/6468c71a3d2c3b07ddf31431 HTTP/1.1" 200 303 "-" "PostmanRuntime/7.30.0"
::1 - - [23/May/2023:13:54:28 +0000] "PUT /api/bug/6468c71a3d2c3b07ddf31431 HTTP/1.1" 200 303 "-" "PostmanRuntime/7.30.0"
::1 - - [23/May/2023:13:55:34 +0000] "PUT /api/bug/6468c71a3d2c3b07ddf31431 HTTP/1.1" 200 303 "-" "PostmanRuntime/7.30.0"
::1 - - [23/May/2023:13:55:45 +0000] "PUT /api/bug/6468c71a3d2c3b07ddf31431 HTTP/1.1" 200 300 "-" "PostmanRuntime/7.30.0"
::1 - - [23/May/2023:13:55:48 +0000] "PUT /api/bug/6468c71a3d2c3b07ddf31431 HTTP/1.1" 200 300 "-" "PostmanRuntime/7.30.0"
::1 - - [23/May/2023:13:55:51 +0000] "PUT /api/bug/6468c71a3d2c3b07ddf31431 HTTP/1.1" 200 300 "-" "PostmanRuntime/7.30.0"
::1 - - [23/May/2023:13:55:56 +0000] "PUT /api/bug/6468c71a3d2c3b07ddf31431 HTTP/1.1" 200 304 "-" "PostmanRuntime/7.30.0"
::1 - - [23/May/2023:13:56:59 +0000] "PUT /api/bug/6468c71a3d2c3b07ddf31431 HTTP/1.1" 500 1355 "-" "PostmanRuntime/7.30.0"
::1 - - [23/May/2023:13:57:11 +0000] "PUT /api/bug/6468c71a3d2c3b07ddf31431 HTTP/1.1" 200 304 "-" "PostmanRuntime/7.30.0"
::1 - - [23/May/2023:14:03:50 +0000] "PUT /api/bug/6468c71a3d2c3b07ddf31431 HTTP/1.1" 200 304 "-" "PostmanRuntime/7.30.0"
::1 - - [23/May/2023:14:04:03 +0000] "PUT /api/bug/6468c71a3d2c3b07ddf31431 HTTP/1.1" 200 304 "-" "PostmanRuntime/7.30.0"
::1 - - [23/May/2023:14:04:59 +0000] "PUT /api/bug/6468c71a3d2c3b07ddf31431 HTTP/1.1" 200 304 "-" "PostmanRuntime/7.30.0"
::1 - - [23/May/2023:14:11:11 +0000] "PUT /api/bug/6468c71a3d2c3b07ddf31431 HTTP/1.1" 400 139 "-" "PostmanRuntime/7.30.0"
::1 - - [23/May/2023:14:11:16 +0000] "PUT /api/bug/6468c71a3d2c3b07ddf31431 HTTP/1.1" 500 1355 "-" "PostmanRuntime/7.30.0"
::1 - - [23/May/2023:14:11:46 +0000] "PUT /api/bug/6468c71a3d2c3b07ddf31431 HTTP/1.1" 500 1355 "-" "PostmanRuntime/7.30.0"
::1 - - [23/May/2023:14:12:09 +0000] "PUT /api/bug/6468c71a3d2c3b07ddf31431 HTTP/1.1" 500 1355 "-" "PostmanRuntime/7.30.0"
::1 - - [23/May/2023:14:12:33 +0000] "PUT /api/bug/6468c71a3d2c3b07ddf31431 HTTP/1.1" 200 239 "-" "PostmanRuntime/7.30.0"
::1 - - [23/May/2023:14:13:29 +0000] "PUT /api/bug/6468c71a3d2c3b07ddf31431 HTTP/1.1" 200 12 "-" "PostmanRuntime/7.30.0"
::1 - - [23/May/2023:14:13:53 +0000] "PUT /api/bug/6468c71a3d2c3b07ddf31431 HTTP/1.1" 200 12 "-" "PostmanRuntime/7.30.0"
::1 - - [23/May/2023:15:05:53 +0000] "PUT /api/bug/6468c71a3d2c3b07ddf31431 HTTP/1.1" 200 12 "-" "PostmanRuntime/7.30.0"
::1 - - [23/May/2023:15:05:58 +0000] "PUT /api/bug/6468c71a3d2c3b07ddf31431 HTTP/1.1" 200 12 "-" "PostmanRuntime/7.30.0"
::1 - - [23/May/2023:15:06:41 +0000] "PUT /api/bug/6468c71a3d2c3b07ddf31431 HTTP/1.1" 200 12 "-" "PostmanRuntime/7.30.0"
::1 - - [23/May/2023:15:07:07 +0000] "PUT /api/bug/6468c71a3d2c3b07ddf31431 HTTP/1.1" 200 12 "-" "PostmanRuntime/7.30.0"
::1 - - [23/May/2023:15:07:21 +0000] "PUT /api/bug/6468c71a3d2c3b07ddf31431 HTTP/1.1" 200 12 "-" "PostmanRuntime/7.30.0"
::1 - - [23/May/2023:15:07:42 +0000] "PUT /api/bug/6468c71a3d2c3b07ddf31431 HTTP/1.1" 200 12 "-" "PostmanRuntime/7.30.0"
::1 - - [23/May/2023:15:07:59 +0000] "PUT /api/bug/6468c71a3d2c3b07ddf31431 HTTP/1.1" 200 12 "-" "PostmanRuntime/7.30.0"
::1 - - [23/May/2023:15:08:15 +0000] "PUT /api/bug/6468c71a3d2c3b07ddf31431 HTTP/1.1" 400 139 "-" "PostmanRuntime/7.30.0"
::1 - - [23/May/2023:15:08:20 +0000] "PUT /api/bug/6468c71a3d2c3b07ddf31431 HTTP/1.1" 200 12 "-" "PostmanRuntime/7.30.0"
::1 - - [23/May/2023:15:08:55 +0000] "PUT /api/bug/6468c71a3d2c3b07ddf31431 HTTP/1.1" 200 12 "-" "PostmanRuntime/7.30.0"
::1 - - [23/May/2023:15:09:54 +0000] "PUT /api/bug/6468c71a3d2c3b07ddf31431 HTTP/1.1" 200 12 "-" "PostmanRuntime/7.30.0"
::1 - - [23/May/2023:15:10:33 +0000] "PUT /api/bug/6468c71a3d2c3b07ddf31431 HTTP/1.1" 500 1355 "-" "PostmanRuntime/7.30.0"
::1 - - [23/May/2023:15:11:34 +0000] "PUT /api/bug/6468c71a3d2c3b07ddf31431 HTTP/1.1" 500 1355 "-" "PostmanRuntime/7.30.0"
::1 - - [23/May/2023:15:12:31 +0000] "PUT /api/bug/6468c71a3d2c3b07ddf31431 HTTP/1.1" 500 1355 "-" "PostmanRuntime/7.30.0"
::1 - - [23/May/2023:15:13:51 +0000] "PUT /api/bug/6468c71a3d2c3b07ddf31431 HTTP/1.1" 500 1355 "-" "PostmanRuntime/7.30.0"
::1 - - [23/May/2023:15:14:47 +0000] "PUT /api/bug/6468c71a3d2c3b07ddf31431 HTTP/1.1" 200 - "-" "PostmanRuntime/7.30.0"
::1 - - [23/May/2023:15:15:03 +0000] "PUT /api/bug/6468c71a3d2c3b07ddf31431 HTTP/1.1" 200 11 "-" "PostmanRuntime/7.30.0"
::1 - - [23/May/2023:15:15:35 +0000] "PUT /api/bug/645e7060c28114352a280ebf HTTP/1.1" 200 11 "-" "PostmanRuntime/7.30.0"
::1 - - [23/May/2023:15:15:42 +0000] "PUT /api/bug/645e7060c28114352a280ebf HTTP/1.1" 200 11 "-" "PostmanRuntime/7.30.0"
::1 - - [23/May/2023:15:16:01 +0000] "PUT /api/bug/645e7060c28114352a280ebf HTTP/1.1" 200 - "-" "PostmanRuntime/7.30.0"
::1 - - [23/May/2023:15:16:38 +0000] "PUT /api/bug/645e7060c28114352a280ebf HTTP/1.1" 200 254 "-" "PostmanRuntime/7.30.0"
::1 - - [23/May/2023:15:17:16 +0000] "PUT /api/bug/645e7060c28114352a280ebf HTTP/1.1" 200 8 "-" "PostmanRuntime/7.30.0"
::1 - - [23/May/2023:15:17:43 +0000] "PUT /api/bug/645e7060c28114352a280ebf HTTP/1.1" 200 4 "-" "PostmanRuntime/7.30.0"
::1 - - [23/May/2023:15:18:32 +0000] "PUT /api/bug/645e7060c28114352a280ebf HTTP/1.1" 500 1355 "-" "PostmanRuntime/7.30.0"
::1 - - [23/May/2023:15:19:41 +0000] "PUT /api/bug/645e7060c28114352a280ebf HTTP/1.1" 200 125 "-" "PostmanRuntime/7.30.0"
::1 - - [23/May/2023:15:20:22 +0000] "POST /api/auth/signin HTTP/1.1" 200 447 "-" "PostmanRuntime/7.30.0"
::1 - - [23/May/2023:15:20:46 +0000] "POST /api/bug/raise HTTP/1.1" 201 438 "-" "PostmanRuntime/7.30.0"
::1 - - [23/May/2023:15:22:28 +0000] "PUT /api/bug/646cd9cd32f4c785cd36669c HTTP/1.1" 200 278 "-" "PostmanRuntime/7.30.0"
::1 - - [23/May/2023:15:23:15 +0000] "PUT /api/bug/646cd9cd32f4c785cd36669c HTTP/1.1" 500 1355 "-" "PostmanRuntime/7.30.0"
::1 - - [23/May/2023:15:23:40 +0000] "PUT /api/bug/646cd9cd32f4c785cd36669c HTTP/1.1" 500 1355 "-" "PostmanRuntime/7.30.0"
::1 - - [23/May/2023:15:46:52 +0000] "PUT /api/bug/646cd9cd32f4c785cd36669c HTTP/1.1" 500 1355 "-" "PostmanRuntime/7.30.0"
::1 - - [23/May/2023:15:50:55 +0000] "PUT /api/bug/646cd9cd32f4c785cd36669c HTTP/1.1" 500 1355 "-" "PostmanRuntime/7.30.0"
::1 - - [23/May/2023:15:54:45 +0000] "PUT /api/bug/646cd9cd32f4c785cd36669c HTTP/1.1" 500 1355 "-" "PostmanRuntime/7.30.0"
::1 - - [23/May/2023:15:57:35 +0000] "PUT /api/bug/646cd9cd32f4c785cd36669c HTTP/1.1" - - "-" "PostmanRuntime/7.30.0"
::1 - - [23/May/2023:15:57:58 +0000] "PUT /api/bug/646cd9cd32f4c785cd36669c HTTP/1.1" 500 1355 "-" "PostmanRuntime/7.30.0"
::1 - - [23/May/2023:15:59:35 +0000] "PUT /api/bug/646cd9cd32f4c785cd36669c HTTP/1.1" 500 1355 "-" "PostmanRuntime/7.30.0"
::1 - - [23/May/2023:16:00:33 +0000] "PUT /api/bug/646cd9cd32f4c785cd36669c HTTP/1.1" 500 1355 "-" "PostmanRuntime/7.30.0"
::1 - - [23/May/2023:16:01:15 +0000] "PUT /api/bug/646cd9cd32f4c785cd36669c HTTP/1.1" 500 1355 "-" "PostmanRuntime/7.30.0"
::1 - - [23/May/2023:16:02:07 +0000] "PUT /api/bug/646cd9cd32f4c785cd36669c HTTP/1.1" 500 1355 "-" "PostmanRuntime/7.30.0"
::1 - - [23/May/2023:16:02:52 +0000] "PUT /api/bug/646cd9cd32f4c785cd36669c HTTP/1.1" 200 129 "-" "PostmanRuntime/7.30.0"
::1 - - [23/May/2023:16:03:05 +0000] "PUT /api/bug/646cd9cd32f4c785cd36669c HTTP/1.1" 500 1355 "-" "PostmanRuntime/7.30.0"
::1 - - [23/May/2023:16:03:38 +0000] "POST /api/bug/raise HTTP/1.1" 201 438 "-" "PostmanRuntime/7.30.0"
::1 - - [23/May/2023:16:04:04 +0000] "PUT /api/bug/646cd9cd32f4c785cd36669c HTTP/1.1" 500 1355 "-" "PostmanRuntime/7.30.0"
::1 - - [23/May/2023:16:04:12 +0000] "PUT /api/bug/646cd9cd32f4c785cd36669c HTTP/1.1" 500 1355 "-" "PostmanRuntime/7.30.0"
::1 - - [23/May/2023:16:04:55 +0000] "PUT /api/bug/646cd9cd32f4c785cd36669c HTTP/1.1" 500 1355 "-" "PostmanRuntime/7.30.0"
::1 - - [23/May/2023:16:05:37 +0000] "PUT /api/bug/646cd9cd32f4c785cd36669c HTTP/1.1" 500 1355 "-" "PostmanRuntime/7.30.0"
::1 - - [23/May/2023:16:07:16 +0000] "PUT /api/bug/646cd9cd32f4c785cd36669c HTTP/1.1" 200 439 "-" "PostmanRuntime/7.30.0"
::1 - - [23/May/2023:16:10:43 +0000] "PUT /api/bug/646cd9cd32f4c785cd36669c HTTP/1.1" 200 572 "-" "PostmanRuntime/7.30.0"
::1 - - [23/May/2023:16:29:58 +0000] "DELETE /api/bug/images HTTP/1.1" 401 64 "-" "PostmanRuntime/7.30.0"
::1 - - [23/May/2023:16:30:20 +0000] "DELETE /api/bug/images HTTP/1.1" 500 1355 "-" "PostmanRuntime/7.30.0"
::1 - - [23/May/2023:16:30:41 +0000] "POST /api/auth/signin HTTP/1.1" 200 447 "-" "PostmanRuntime/7.30.0"
::1 - - [23/May/2023:16:30:55 +0000] "DELETE /api/bug/images HTTP/1.1" 500 1355 "-" "PostmanRuntime/7.30.0"
::1 - - [23/May/2023:16:31:32 +0000] "DELETE /api/bug/images HTTP/1.1" 500 1355 "-" "PostmanRuntime/7.30.0"
::1 - - [23/May/2023:16:31:38 +0000] "DELETE /api/bug/images HTTP/1.1" 401 64 "-" "PostmanRuntime/7.30.0"
::1 - - [23/May/2023:16:32:06 +0000] "DELETE /api/bug/images HTTP/1.1" 401 64 "-" "PostmanRuntime/7.30.0"
::1 - - [23/May/2023:16:32:17 +0000] "DELETE /api/bug/images HTTP/1.1" 500 1355 "-" "PostmanRuntime/7.30.0"
::1 - - [23/May/2023:16:33:00 +0000] "DELETE /api/bug/images HTTP/1.1" 500 1355 "-" "PostmanRuntime/7.30.0"
::1 - - [23/May/2023:16:33:15 +0000] "DELETE /api/bug/images HTTP/1.1" 500 1355 "-" "PostmanRuntime/7.30.0"
::1 - - [23/May/2023:16:33:40 +0000] "GET /api/bug/6468c71a3d2c3b07ddf31431 HTTP/1.1" 200 346 "-" "PostmanRuntime/7.30.0"
::1 - - [23/May/2023:16:34:00 +0000] "DELETE /api/bug/images HTTP/1.1" 500 1355 "-" "PostmanRuntime/7.30.0"
::1 - - [23/May/2023:16:35:13 +0000] "DELETE /api/bug/images HTTP/1.1" 500 1355 "-" "PostmanRuntime/7.30.0"
::1 - - [23/May/2023:16:36:04 +0000] "DELETE /api/bug/images HTTP/1.1" 400 201 "-" "PostmanRuntime/7.30.0"
::1 - - [23/May/2023:16:37:33 +0000] "DELETE /api/bug/images HTTP/1.1" 400 187 "-" "PostmanRuntime/7.30.0"
::1 - - [23/May/2023:16:39:10 +0000] "DELETE /api/bug/images/646cd9cd32f4c785cd36669c HTTP/1.1" 400 210 "-" "PostmanRuntime/7.30.0"
::1 - - [23/May/2023:16:40:07 +0000] "DELETE /api/bug/images/646cd9cd32f4c785cd36669c HTTP/1.1" 200 24 "-" "PostmanRuntime/7.30.0"
::1 - - [23/May/2023:16:40:28 +0000] "DELETE /api/bug/images/646cd9cd32f4c785cd36669c HTTP/1.1" 200 26 "-" "PostmanRuntime/7.30.0"
::1 - - [23/May/2023:16:41:28 +0000] "DELETE /api/bug/images/646cd9cd32f4c785cd36669c HTTP/1.1" 400 138 "-" "PostmanRuntime/7.30.0"
::1 - - [23/May/2023:16:42:02 +0000] "DELETE /api/bug/images/646cd9cd32f4c785cd36669c HTTP/1.1" 200 26 "-" "PostmanRuntime/7.30.0"
::1 - - [23/May/2023:16:43:40 +0000] "DELETE /api/bug/images/6468c71a3d2c3b07ddf31431 HTTP/1.1" 401 80 "-" "PostmanRuntime/7.30.0"
::1 - - [23/May/2023:16:44:09 +0000] "DELETE /api/bug/images/6468c71a3d2c3b07ddf31431 HTTP/1.1" 500 1355 "-" "PostmanRuntime/7.30.0"
::1 - - [23/May/2023:16:44:14 +0000] "DELETE /api/bug/images/6468c71a3d2c3b07ddf31431 HTTP/1.1" 401 79 "-" "PostmanRuntime/7.30.0"
::1 - - [23/May/2023:16:44:53 +0000] "DELETE /api/bug/images/646cd9cd32f4c785cd36669c HTTP/1.1" 200 507 "-" "PostmanRuntime/7.30.0"
::1 - - [23/May/2023:17:06:35 +0000] "DELETE /api/bug/images/646cd9cd32f4c785cd36669c HTTP/1.1" 200 579 "-" "PostmanRuntime/7.30.0"
::1 - - [23/May/2023:17:08:31 +0000] "DELETE /api/bug/images/646cd9cd32f4c785cd36669c HTTP/1.1" 200 490 "-" "PostmanRuntime/7.30.0"
::1 - - [23/May/2023:17:12:12 +0000] "DELETE /api/bug/images/646cd9cd32f4c785cd36669c HTTP/1.1" 200 490 "-" "PostmanRuntime/7.30.0"
